{"D:\\MyRepository\\Elecard\\task-1-frontend\\src\\components\\Loading\\Loading.jsx": {"path":"D:\\MyRepository\\Elecard\\task-1-frontend\\src\\components\\Loading\\Loading.jsx","statementMap":{"0":{"start":{"line":6,"column":16},"end":{"line":19,"column":1}},"1":{"start":{"line":7,"column":42},"end":{"line":7,"column":74}},"2":{"start":{"line":8,"column":23},"end":{"line":8,"column":70}},"3":{"start":{"line":9,"column":2},"end":{"line":18,"column":4}}},"fnMap":{"0":{"name":"(anonymous_0)","decl":{"start":{"line":6,"column":16},"end":{"line":6,"column":17}},"loc":{"start":{"line":6,"column":40},"end":{"line":19,"column":1}},"line":6}},"branchMap":{"0":{"loc":{"start":{"line":12,"column":7},"end":{"line":16,"column":7}},"type":"binary-expr","locations":[{"start":{"line":12,"column":7},"end":{"line":12,"column":15}},{"start":{"line":13,"column":8},"end":{"line":15,"column":14}}],"line":12}},"s":{"0":3,"1":1,"2":1,"3":1},"f":{"0":1},"b":{"0":[1,1]},"_coverageSchema":"1a1c01bbd47fc00a2c39e90264f33305004495a9","hash":"5a615220419669abed15be63ad09f5b2f277402c"}
,"D:\\MyRepository\\Elecard\\task-1-frontend\\src\\components\\ProtectedContent\\ProtectedContent.jsx": {"path":"D:\\MyRepository\\Elecard\\task-1-frontend\\src\\components\\ProtectedContent\\ProtectedContent.jsx","statementMap":{"0":{"start":{"line":11,"column":25},"end":{"line":31,"column":1}},"1":{"start":{"line":12,"column":20},"end":{"line":12,"column":52}},"2":{"start":{"line":13,"column":19},"end":{"line":13,"column":32}},"3":{"start":{"line":14,"column":2},"end":{"line":16,"column":9}},"4":{"start":{"line":15,"column":4},"end":{"line":15,"column":34}},"5":{"start":{"line":18,"column":2},"end":{"line":24,"column":3}},"6":{"start":{"line":19,"column":4},"end":{"line":23,"column":6}},"7":{"start":{"line":25,"column":2},"end":{"line":30,"column":4}}},"fnMap":{"0":{"name":"(anonymous_0)","decl":{"start":{"line":11,"column":25},"end":{"line":11,"column":26}},"loc":{"start":{"line":11,"column":46},"end":{"line":31,"column":1}},"line":11},"1":{"name":"(anonymous_1)","decl":{"start":{"line":14,"column":12},"end":{"line":14,"column":13}},"loc":{"start":{"line":14,"column":18},"end":{"line":16,"column":3}},"line":14}},"branchMap":{"0":{"loc":{"start":{"line":18,"column":2},"end":{"line":24,"column":3}},"type":"if","locations":[{"start":{"line":18,"column":2},"end":{"line":24,"column":3}},{"start":{},"end":{}}],"line":18},"1":{"loc":{"start":{"line":27,"column":7},"end":{"line":27,"column":44}},"type":"binary-expr","locations":[{"start":{"line":27,"column":7},"end":{"line":27,"column":32}},{"start":{"line":27,"column":36},"end":{"line":27,"column":44}}],"line":27},"2":{"loc":{"start":{"line":28,"column":7},"end":{"line":28,"column":70}},"type":"binary-expr","locations":[{"start":{"line":28,"column":7},"end":{"line":28,"column":29}},{"start":{"line":28,"column":33},"end":{"line":28,"column":70}}],"line":28}},"s":{"0":1,"1":3,"2":3,"3":3,"4":3,"5":3,"6":1,"7":2},"f":{"0":3,"1":3},"b":{"0":[1,2],"1":[2,1],"2":[2,1]},"_coverageSchema":"1a1c01bbd47fc00a2c39e90264f33305004495a9","hash":"c6d1e9903899a54ee6820ae22407b78ad5fd3535"}
,"D:\\MyRepository\\Elecard\\task-1-frontend\\src\\components\\ProtectedContent\\Content\\Content.jsx": {"path":"D:\\MyRepository\\Elecard\\task-1-frontend\\src\\components\\ProtectedContent\\Content\\Content.jsx","statementMap":{"0":{"start":{"line":10,"column":16},"end":{"line":28,"column":1}},"1":{"start":{"line":11,"column":26},"end":{"line":11,"column":43}},"2":{"start":{"line":12,"column":19},"end":{"line":12,"column":32}},"3":{"start":{"line":13,"column":17},"end":{"line":13,"column":42}},"4":{"start":{"line":14,"column":2},"end":{"line":16,"column":25}},"5":{"start":{"line":15,"column":4},"end":{"line":15,"column":37}},"6":{"start":{"line":17,"column":2},"end":{"line":19,"column":17}},"7":{"start":{"line":18,"column":4},"end":{"line":18,"column":32}},"8":{"start":{"line":21,"column":2},"end":{"line":27,"column":4}}},"fnMap":{"0":{"name":"(anonymous_0)","decl":{"start":{"line":10,"column":16},"end":{"line":10,"column":17}},"loc":{"start":{"line":10,"column":37},"end":{"line":28,"column":1}},"line":10},"1":{"name":"(anonymous_1)","decl":{"start":{"line":14,"column":12},"end":{"line":14,"column":13}},"loc":{"start":{"line":14,"column":18},"end":{"line":16,"column":3}},"line":14},"2":{"name":"(anonymous_2)","decl":{"start":{"line":17,"column":12},"end":{"line":17,"column":13}},"loc":{"start":{"line":17,"column":18},"end":{"line":19,"column":3}},"line":17}},"branchMap":{"0":{"loc":{"start":{"line":23,"column":7},"end":{"line":23,"column":57}},"type":"binary-expr","locations":[{"start":{"line":23,"column":7},"end":{"line":23,"column":23}},{"start":{"line":23,"column":27},"end":{"line":23,"column":57}}],"line":23},"1":{"loc":{"start":{"line":24,"column":7},"end":{"line":24,"column":56}},"type":"binary-expr","locations":[{"start":{"line":24,"column":7},"end":{"line":24,"column":22}},{"start":{"line":24,"column":26},"end":{"line":24,"column":56}}],"line":24}},"s":{"0":1,"1":4,"2":4,"3":4,"4":4,"5":4,"6":4,"7":4,"8":4},"f":{"0":4,"1":4,"2":4},"b":{"0":[4,3],"1":[4,1]},"_coverageSchema":"1a1c01bbd47fc00a2c39e90264f33305004495a9","hash":"a6d1546a2fe90e06ec2f65ca45d4f0412015f6a2"}
,"D:\\MyRepository\\Elecard\\task-1-frontend\\src\\components\\ProtectedContent\\Content\\ButtonDownload\\ButtonDownload.jsx": {"path":"D:\\MyRepository\\Elecard\\task-1-frontend\\src\\components\\ProtectedContent\\Content\\ButtonDownload\\ButtonDownload.jsx","statementMap":{"0":{"start":{"line":5,"column":23},"end":{"line":25,"column":1}},"1":{"start":{"line":6,"column":19},"end":{"line":6,"column":32}},"2":{"start":{"line":8,"column":26},"end":{"line":18,"column":3}},"3":{"start":{"line":9,"column":4},"end":{"line":17,"column":5}},"4":{"start":{"line":10,"column":6},"end":{"line":10,"column":48}},"5":{"start":{"line":12,"column":6},"end":{"line":12,"column":43}},"6":{"start":{"line":13,"column":21},"end":{"line":13,"column":48}},"7":{"start":{"line":14,"column":6},"end":{"line":14,"column":24}},"8":{"start":{"line":15,"column":6},"end":{"line":15,"column":54}},"9":{"start":{"line":16,"column":6},"end":{"line":16,"column":21}},"10":{"start":{"line":20,"column":2},"end":{"line":24,"column":4}}},"fnMap":{"0":{"name":"(anonymous_0)","decl":{"start":{"line":5,"column":23},"end":{"line":5,"column":24}},"loc":{"start":{"line":5,"column":42},"end":{"line":25,"column":1}},"line":5},"1":{"name":"(anonymous_1)","decl":{"start":{"line":8,"column":26},"end":{"line":8,"column":27}},"loc":{"start":{"line":8,"column":32},"end":{"line":18,"column":3}},"line":8}},"branchMap":{"0":{"loc":{"start":{"line":9,"column":4},"end":{"line":17,"column":5}},"type":"if","locations":[{"start":{"line":9,"column":4},"end":{"line":17,"column":5}},{"start":{"line":11,"column":11},"end":{"line":17,"column":5}}],"line":9},"1":{"loc":{"start":{"line":15,"column":24},"end":{"line":15,"column":53}},"type":"cond-expr","locations":[{"start":{"line":15,"column":31},"end":{"line":15,"column":35}},{"start":{"line":15,"column":38},"end":{"line":15,"column":53}}],"line":15}},"s":{"0":2,"1":11,"2":11,"3":3,"4":1,"5":2,"6":2,"7":2,"8":2,"9":2,"10":11},"f":{"0":11,"1":3},"b":{"0":[1,2],"1":[1,1]},"_coverageSchema":"1a1c01bbd47fc00a2c39e90264f33305004495a9","hash":"4720ab54dea0ab925bf4c9afe06e1d83150471c2"}
,"D:\\MyRepository\\Elecard\\task-1-frontend\\src\\components\\ProtectedContent\\Content\\ButtonToTop\\ButtonToTop.jsx": {"path":"D:\\MyRepository\\Elecard\\task-1-frontend\\src\\components\\ProtectedContent\\Content\\ButtonToTop\\ButtonToTop.jsx","statementMap":{"0":{"start":{"line":6,"column":20},"end":{"line":65,"column":1}},"1":{"start":{"line":7,"column":44},"end":{"line":7,"column":59}},"2":{"start":{"line":8,"column":22},"end":{"line":13,"column":3}},"3":{"start":{"line":15,"column":4},"end":{"line":15,"column":53}},"4":{"start":{"line":16,"column":33},"end":{"line":22,"column":15}},"5":{"start":{"line":17,"column":4},"end":{"line":21,"column":5}},"6":{"start":{"line":18,"column":6},"end":{"line":18,"column":67}},"7":{"start":{"line":20,"column":6},"end":{"line":20,"column":45}},"8":{"start":{"line":23,"column":22},"end":{"line":23,"column":54}},"9":{"start":{"line":24,"column":2},"end":{"line":36,"column":31}},"10":{"start":{"line":25,"column":4},"end":{"line":25,"column":62}},"11":{"start":{"line":26,"column":4},"end":{"line":26,"column":62}},"12":{"start":{"line":28,"column":21},"end":{"line":28,"column":65}},"13":{"start":{"line":29,"column":4},"end":{"line":29,"column":72}},"14":{"start":{"line":31,"column":4},"end":{"line":35,"column":6}},"15":{"start":{"line":32,"column":6},"end":{"line":32,"column":67}},"16":{"start":{"line":33,"column":6},"end":{"line":33,"column":67}},"17":{"start":{"line":34,"column":6},"end":{"line":34,"column":28}},"18":{"start":{"line":38,"column":20},"end":{"line":51,"column":3}},"19":{"start":{"line":39,"column":4},"end":{"line":50,"column":5}},"20":{"start":{"line":40,"column":22},"end":{"line":40,"column":47}},"21":{"start":{"line":41,"column":6},"end":{"line":44,"column":9}},"22":{"start":{"line":46,"column":6},"end":{"line":49,"column":9}},"23":{"start":{"line":53,"column":2},"end":{"line":64,"column":4}}},"fnMap":{"0":{"name":"(anonymous_0)","decl":{"start":{"line":6,"column":20},"end":{"line":6,"column":21}},"loc":{"start":{"line":6,"column":56},"end":{"line":65,"column":1}},"line":6},"1":{"name":"(anonymous_1)","decl":{"start":{"line":16,"column":45},"end":{"line":16,"column":46}},"loc":{"start":{"line":16,"column":51},"end":{"line":22,"column":3}},"line":16},"2":{"name":"(anonymous_2)","decl":{"start":{"line":24,"column":12},"end":{"line":24,"column":13}},"loc":{"start":{"line":24,"column":18},"end":{"line":36,"column":3}},"line":24},"3":{"name":"(anonymous_3)","decl":{"start":{"line":31,"column":11},"end":{"line":31,"column":12}},"loc":{"start":{"line":31,"column":17},"end":{"line":35,"column":5}},"line":31},"4":{"name":"(anonymous_4)","decl":{"start":{"line":38,"column":20},"end":{"line":38,"column":21}},"loc":{"start":{"line":38,"column":26},"end":{"line":51,"column":3}},"line":38}},"branchMap":{"0":{"loc":{"start":{"line":10,"column":4},"end":{"line":11,"column":35}},"type":"binary-expr","locations":[{"start":{"line":10,"column":5},"end":{"line":10,"column":18}},{"start":{"line":10,"column":22},"end":{"line":10,"column":49}},{"start":{"line":11,"column":6},"end":{"line":11,"column":35}}],"line":10},"1":{"loc":{"start":{"line":12,"column":4},"end":{"line":12,"column":37}},"type":"binary-expr","locations":[{"start":{"line":12,"column":4},"end":{"line":12,"column":8}},{"start":{"line":12,"column":12},"end":{"line":12,"column":37}}],"line":12},"2":{"loc":{"start":{"line":17,"column":4},"end":{"line":21,"column":5}},"type":"if","locations":[{"start":{"line":17,"column":4},"end":{"line":21,"column":5}},{"start":{"line":19,"column":11},"end":{"line":21,"column":5}}],"line":17},"3":{"loc":{"start":{"line":17,"column":8},"end":{"line":17,"column":34}},"type":"binary-expr","locations":[{"start":{"line":17,"column":8},"end":{"line":17,"column":15}},{"start":{"line":17,"column":19},"end":{"line":17,"column":34}}],"line":17},"4":{"loc":{"start":{"line":23,"column":22},"end":{"line":23,"column":54}},"type":"cond-expr","locations":[{"start":{"line":23,"column":44},"end":{"line":23,"column":46}},{"start":{"line":23,"column":49},"end":{"line":23,"column":54}}],"line":23},"5":{"loc":{"start":{"line":39,"column":4},"end":{"line":50,"column":5}},"type":"if","locations":[{"start":{"line":39,"column":4},"end":{"line":50,"column":5}},{"start":{"line":45,"column":11},"end":{"line":50,"column":5}}],"line":39},"6":{"loc":{"start":{"line":39,"column":8},"end":{"line":39,"column":34}},"type":"binary-expr","locations":[{"start":{"line":39,"column":8},"end":{"line":39,"column":15}},{"start":{"line":39,"column":19},"end":{"line":39,"column":34}}],"line":39},"7":{"loc":{"start":{"line":60,"column":7},"end":{"line":62,"column":45}},"type":"cond-expr","locations":[{"start":{"line":61,"column":10},"end":{"line":61,"column":61}},{"start":{"line":62,"column":10},"end":{"line":62,"column":45}}],"line":60}},"s":{"0":3,"1":22,"2":22,"3":22,"4":22,"5":7,"6":4,"7":3,"8":22,"9":22,"10":15,"11":15,"12":15,"13":15,"14":15,"15":15,"16":15,"17":15,"18":22,"19":2,"20":1,"21":1,"22":1,"23":22},"f":{"0":22,"1":7,"2":15,"3":15,"4":2},"b":{"0":[22,4,18],"1":[22,10],"2":[4,3],"3":[7,4],"4":[2,20],"5":[1,1],"6":[2,1],"7":[11,11]},"_coverageSchema":"1a1c01bbd47fc00a2c39e90264f33305004495a9","hash":"0ce60db38843eca5321850fa919b04728e2a0f17"}
,"D:\\MyRepository\\Elecard\\task-1-frontend\\src\\components\\ProtectedContent\\Content\\CardView\\CardView.jsx": {"path":"D:\\MyRepository\\Elecard\\task-1-frontend\\src\\components\\ProtectedContent\\Content\\CardView\\CardView.jsx","statementMap":{"0":{"start":{"line":14,"column":17},"end":{"line":103,"column":1}},"1":{"start":{"line":15,"column":22},"end":{"line":15,"column":52}},"2":{"start":{"line":16,"column":52},"end":{"line":16,"column":66}},"3":{"start":{"line":17,"column":42},"end":{"line":17,"column":53}},"4":{"start":{"line":18,"column":40},"end":{"line":18,"column":51}},"5":{"start":{"line":19,"column":36},"end":{"line":21,"column":3}},"6":{"start":{"line":22,"column":38},"end":{"line":22,"column":57}},"7":{"start":{"line":23,"column":42},"end":{"line":23,"column":61}},"8":{"start":{"line":24,"column":19},"end":{"line":24,"column":32}},"9":{"start":{"line":25,"column":22},"end":{"line":28,"column":3}},"10":{"start":{"line":26,"column":4},"end":{"line":26,"column":25}},"11":{"start":{"line":27,"column":4},"end":{"line":27,"column":55}},"12":{"start":{"line":29,"column":24},"end":{"line":32,"column":3}},"13":{"start":{"line":30,"column":4},"end":{"line":30,"column":27}},"14":{"start":{"line":31,"column":4},"end":{"line":31,"column":53}},"15":{"start":{"line":33,"column":23},"end":{"line":36,"column":3}},"16":{"start":{"line":34,"column":4},"end":{"line":34,"column":35}},"17":{"start":{"line":35,"column":4},"end":{"line":35,"column":60}},"18":{"start":{"line":37,"column":22},"end":{"line":42,"column":3}},"19":{"start":{"line":38,"column":4},"end":{"line":38,"column":45}},"20":{"start":{"line":39,"column":4},"end":{"line":39,"column":31}},"21":{"start":{"line":40,"column":4},"end":{"line":40,"column":29}},"22":{"start":{"line":41,"column":4},"end":{"line":41,"column":60}},"23":{"start":{"line":44,"column":19},"end":{"line":52,"column":3}},"24":{"start":{"line":46,"column":4},"end":{"line":51,"column":6}},"25":{"start":{"line":47,"column":6},"end":{"line":47,"column":30}},"26":{"start":{"line":48,"column":6},"end":{"line":50,"column":16}},"27":{"start":{"line":49,"column":8},"end":{"line":49,"column":31}},"28":{"start":{"line":53,"column":38},"end":{"line":55,"column":9}},"29":{"start":{"line":54,"column":4},"end":{"line":54,"column":27}},"30":{"start":{"line":56,"column":2},"end":{"line":61,"column":20}},"31":{"start":{"line":57,"column":30},"end":{"line":59,"column":13}},"32":{"start":{"line":60,"column":4},"end":{"line":60,"column":45}},"33":{"start":{"line":62,"column":2},"end":{"line":64,"column":9}},"34":{"start":{"line":63,"column":4},"end":{"line":63,"column":22}},"35":{"start":{"line":65,"column":2},"end":{"line":71,"column":58}},"36":{"start":{"line":66,"column":4},"end":{"line":69,"column":5}},"37":{"start":{"line":66,"column":25},"end":{"line":66,"column":43}},"38":{"start":{"line":68,"column":6},"end":{"line":68,"column":55}},"39":{"start":{"line":70,"column":4},"end":{"line":70,"column":57}},"40":{"start":{"line":72,"column":2},"end":{"line":102,"column":4}},"41":{"start":{"line":96,"column":10},"end":{"line":96,"column":31}}},"fnMap":{"0":{"name":"(anonymous_0)","decl":{"start":{"line":14,"column":17},"end":{"line":14,"column":18}},"loc":{"start":{"line":14,"column":34},"end":{"line":103,"column":1}},"line":14},"1":{"name":"(anonymous_1)","decl":{"start":{"line":25,"column":22},"end":{"line":25,"column":23}},"loc":{"start":{"line":25,"column":33},"end":{"line":28,"column":3}},"line":25},"2":{"name":"(anonymous_2)","decl":{"start":{"line":29,"column":24},"end":{"line":29,"column":25}},"loc":{"start":{"line":29,"column":35},"end":{"line":32,"column":3}},"line":29},"3":{"name":"(anonymous_3)","decl":{"start":{"line":33,"column":23},"end":{"line":33,"column":24}},"loc":{"start":{"line":33,"column":34},"end":{"line":36,"column":3}},"line":33},"4":{"name":"(anonymous_4)","decl":{"start":{"line":37,"column":22},"end":{"line":37,"column":23}},"loc":{"start":{"line":37,"column":28},"end":{"line":42,"column":3}},"line":37},"5":{"name":"(anonymous_5)","decl":{"start":{"line":44,"column":19},"end":{"line":44,"column":20}},"loc":{"start":{"line":44,"column":36},"end":{"line":52,"column":3}},"line":44},"6":{"name":"(anonymous_6)","decl":{"start":{"line":46,"column":11},"end":{"line":46,"column":12}},"loc":{"start":{"line":46,"column":24},"end":{"line":51,"column":5}},"line":46},"7":{"name":"(anonymous_7)","decl":{"start":{"line":48,"column":29},"end":{"line":48,"column":30}},"loc":{"start":{"line":48,"column":35},"end":{"line":50,"column":7}},"line":48},"8":{"name":"(anonymous_8)","decl":{"start":{"line":53,"column":47},"end":{"line":53,"column":48}},"loc":{"start":{"line":53,"column":58},"end":{"line":55,"column":3}},"line":53},"9":{"name":"(anonymous_9)","decl":{"start":{"line":56,"column":12},"end":{"line":56,"column":13}},"loc":{"start":{"line":56,"column":18},"end":{"line":61,"column":3}},"line":56},"10":{"name":"(anonymous_10)","decl":{"start":{"line":62,"column":12},"end":{"line":62,"column":13}},"loc":{"start":{"line":62,"column":18},"end":{"line":64,"column":3}},"line":62},"11":{"name":"(anonymous_11)","decl":{"start":{"line":65,"column":12},"end":{"line":65,"column":13}},"loc":{"start":{"line":65,"column":18},"end":{"line":71,"column":3}},"line":65},"12":{"name":"(anonymous_12)","decl":{"start":{"line":95,"column":18},"end":{"line":95,"column":19}},"loc":{"start":{"line":95,"column":35},"end":{"line":97,"column":9}},"line":95}},"branchMap":{"0":{"loc":{"start":{"line":57,"column":30},"end":{"line":59,"column":13}},"type":"cond-expr","locations":[{"start":{"line":58,"column":8},"end":{"line":58,"column":12}},{"start":{"line":59,"column":8},"end":{"line":59,"column":13}}],"line":57},"1":{"loc":{"start":{"line":66,"column":4},"end":{"line":69,"column":5}},"type":"if","locations":[{"start":{"line":66,"column":4},"end":{"line":69,"column":5}},{"start":{"line":67,"column":9},"end":{"line":69,"column":5}}],"line":66},"2":{"loc":{"start":{"line":75,"column":9},"end":{"line":86,"column":9}},"type":"binary-expr","locations":[{"start":{"line":75,"column":9},"end":{"line":75,"column":24}},{"start":{"line":75,"column":28},"end":{"line":75,"column":35}},{"start":{"line":76,"column":10},"end":{"line":85,"column":12}}],"line":75}},"s":{"0":1,"1":14,"2":14,"3":14,"4":14,"5":14,"6":14,"7":14,"8":14,"9":14,"10":2,"11":2,"12":14,"13":2,"14":2,"15":14,"16":2,"17":2,"18":14,"19":2,"20":2,"21":2,"22":2,"23":14,"24":14,"25":2,"26":2,"27":2,"28":14,"29":2,"30":14,"31":5,"32":5,"33":14,"34":5,"35":14,"36":9,"37":0,"38":9,"39":9,"40":14,"41":1},"f":{"0":14,"1":2,"2":2,"3":2,"4":2,"5":14,"6":2,"7":2,"8":2,"9":5,"10":5,"11":9,"12":1},"b":{"0":[1,4],"1":[0,9],"2":[14,14,13]},"_coverageSchema":"1a1c01bbd47fc00a2c39e90264f33305004495a9","hash":"492148e4a86642429af600ab383d554a7d912db5"}
,"D:\\MyRepository\\Elecard\\task-1-frontend\\src\\components\\ProtectedContent\\Content\\CardView\\Card\\Card.jsx": {"path":"D:\\MyRepository\\Elecard\\task-1-frontend\\src\\components\\ProtectedContent\\Content\\CardView\\Card\\Card.jsx","statementMap":{"0":{"start":{"line":11,"column":13},"end":{"line":87,"column":1}},"1":{"start":{"line":12,"column":40},"end":{"line":12,"column":54}},"2":{"start":{"line":13,"column":42},"end":{"line":13,"column":57}},"3":{"start":{"line":14,"column":19},"end":{"line":14,"column":32}},"4":{"start":{"line":15,"column":34},"end":{"line":15,"column":71}},"5":{"start":{"line":16,"column":55},"end":{"line":24,"column":7}},"6":{"start":{"line":25,"column":18},"end":{"line":25,"column":26}},"7":{"start":{"line":27,"column":23},"end":{"line":33,"column":3}},"8":{"start":{"line":28,"column":4},"end":{"line":28,"column":26}},"9":{"start":{"line":29,"column":4},"end":{"line":29,"column":24}},"10":{"start":{"line":30,"column":4},"end":{"line":32,"column":12}},"11":{"start":{"line":31,"column":6},"end":{"line":31,"column":33}},"12":{"start":{"line":35,"column":15},"end":{"line":35,"column":55}},"13":{"start":{"line":36,"column":15},"end":{"line":36,"column":52}},"14":{"start":{"line":37,"column":20},"end":{"line":37,"column":73}},"15":{"start":{"line":38,"column":23},"end":{"line":38,"column":76}},"16":{"start":{"line":39,"column":25},"end":{"line":42,"column":3}},"17":{"start":{"line":44,"column":2},"end":{"line":86,"column":4}},"18":{"start":{"line":50,"column":25},"end":{"line":50,"column":57}},"19":{"start":{"line":50,"column":51},"end":{"line":50,"column":56}},"20":{"start":{"line":75,"column":24},"end":{"line":75,"column":39}}},"fnMap":{"0":{"name":"(anonymous_0)","decl":{"start":{"line":11,"column":13},"end":{"line":11,"column":14}},"loc":{"start":{"line":11,"column":31},"end":{"line":87,"column":1}},"line":11},"1":{"name":"(anonymous_1)","decl":{"start":{"line":27,"column":23},"end":{"line":27,"column":24}},"loc":{"start":{"line":27,"column":30},"end":{"line":33,"column":3}},"line":27},"2":{"name":"(anonymous_2)","decl":{"start":{"line":30,"column":15},"end":{"line":30,"column":16}},"loc":{"start":{"line":30,"column":21},"end":{"line":32,"column":5}},"line":30},"3":{"name":"(anonymous_3)","decl":{"start":{"line":50,"column":19},"end":{"line":50,"column":20}},"loc":{"start":{"line":50,"column":25},"end":{"line":50,"column":57}},"line":50},"4":{"name":"(anonymous_4)","decl":{"start":{"line":50,"column":41},"end":{"line":50,"column":42}},"loc":{"start":{"line":50,"column":51},"end":{"line":50,"column":56}},"line":50},"5":{"name":"(anonymous_5)","decl":{"start":{"line":75,"column":17},"end":{"line":75,"column":18}},"loc":{"start":{"line":75,"column":24},"end":{"line":75,"column":39}},"line":75}},"branchMap":{"0":{"loc":{"start":{"line":16,"column":55},"end":{"line":24,"column":7}},"type":"cond-expr","locations":[{"start":{"line":17,"column":6},"end":{"line":17,"column":14}},{"start":{"line":18,"column":6},"end":{"line":24,"column":7}}],"line":16},"1":{"loc":{"start":{"line":37,"column":38},"end":{"line":37,"column":72}},"type":"binary-expr","locations":[{"start":{"line":37,"column":38},"end":{"line":37,"column":49}},{"start":{"line":37,"column":53},"end":{"line":37,"column":72}}],"line":37},"2":{"loc":{"start":{"line":83,"column":9},"end":{"line":83,"column":73}},"type":"binary-expr","locations":[{"start":{"line":83,"column":9},"end":{"line":83,"column":21}},{"start":{"line":83,"column":25},"end":{"line":83,"column":73}}],"line":83}},"s":{"0":1,"1":7,"2":7,"3":7,"4":7,"5":7,"6":7,"7":7,"8":1,"9":1,"10":1,"11":1,"12":7,"13":7,"14":7,"15":7,"16":7,"17":7,"18":1,"19":1,"20":1},"f":{"0":7,"1":1,"2":1,"3":1,"4":1,"5":1},"b":{"0":[6,1],"1":[7,1],"2":[7,1]},"_coverageSchema":"1a1c01bbd47fc00a2c39e90264f33305004495a9","hash":"145ecf39a0fddefd28862235bd4a4f9a9062d653"}
,"D:\\MyRepository\\Elecard\\task-1-frontend\\src\\components\\ProtectedContent\\Content\\CardView\\Page\\Page.jsx": {"path":"D:\\MyRepository\\Elecard\\task-1-frontend\\src\\components\\ProtectedContent\\Content\\CardView\\Page\\Page.jsx","statementMap":{"0":{"start":{"line":6,"column":13},"end":{"line":19,"column":1}},"1":{"start":{"line":7,"column":21},"end":{"line":7,"column":50}},"2":{"start":{"line":8,"column":19},"end":{"line":8,"column":44}},"3":{"start":{"line":9,"column":23},"end":{"line":9,"column":63}},"4":{"start":{"line":10,"column":16},"end":{"line":10,"column":41}},"5":{"start":{"line":11,"column":2},"end":{"line":18,"column":4}},"6":{"start":{"line":15,"column":10},"end":{"line":15,"column":63}}},"fnMap":{"0":{"name":"(anonymous_0)","decl":{"start":{"line":6,"column":13},"end":{"line":6,"column":14}},"loc":{"start":{"line":6,"column":45},"end":{"line":19,"column":1}},"line":6},"1":{"name":"(anonymous_1)","decl":{"start":{"line":14,"column":18},"end":{"line":14,"column":19}},"loc":{"start":{"line":15,"column":10},"end":{"line":15,"column":63}},"line":15}},"branchMap":{"0":{"loc":{"start":{"line":13,"column":7},"end":{"line":16,"column":10}},"type":"binary-expr","locations":[{"start":{"line":13,"column":7},"end":{"line":13,"column":23}},{"start":{"line":14,"column":8},"end":{"line":16,"column":10}}],"line":13}},"s":{"0":1,"1":2,"2":2,"3":2,"4":2,"5":2,"6":5},"f":{"0":2,"1":5},"b":{"0":[2,1]},"_coverageSchema":"1a1c01bbd47fc00a2c39e90264f33305004495a9","hash":"4ec7cb1024054a3700a9cacf8e5db986896198ae"}
,"D:\\MyRepository\\Elecard\\task-1-frontend\\src\\components\\ProtectedContent\\Content\\Modal\\Modal.jsx": {"path":"D:\\MyRepository\\Elecard\\task-1-frontend\\src\\components\\ProtectedContent\\Content\\Modal\\Modal.jsx","statementMap":{"0":{"start":{"line":4,"column":14},"end":{"line":41,"column":1}},"1":{"start":{"line":5,"column":2},"end":{"line":17,"column":5}},"2":{"start":{"line":6,"column":27},"end":{"line":10,"column":5}},"3":{"start":{"line":7,"column":6},"end":{"line":9,"column":7}},"4":{"start":{"line":8,"column":8},"end":{"line":8,"column":42}},"5":{"start":{"line":8,"column":24},"end":{"line":8,"column":42}},"6":{"start":{"line":11,"column":4},"end":{"line":11,"column":44}},"7":{"start":{"line":12,"column":4},"end":{"line":12,"column":57}},"8":{"start":{"line":13,"column":4},"end":{"line":16,"column":6}},"9":{"start":{"line":14,"column":6},"end":{"line":14,"column":45}},"10":{"start":{"line":15,"column":6},"end":{"line":15,"column":62}},"11":{"start":{"line":18,"column":23},"end":{"line":21,"column":3}},"12":{"start":{"line":19,"column":4},"end":{"line":19,"column":38}},"13":{"start":{"line":19,"column":20},"end":{"line":19,"column":38}},"14":{"start":{"line":20,"column":4},"end":{"line":20,"column":22}},"15":{"start":{"line":22,"column":2},"end":{"line":40,"column":4}}},"fnMap":{"0":{"name":"(anonymous_0)","decl":{"start":{"line":4,"column":14},"end":{"line":4,"column":15}},"loc":{"start":{"line":4,"column":39},"end":{"line":41,"column":1}},"line":4},"1":{"name":"(anonymous_1)","decl":{"start":{"line":5,"column":12},"end":{"line":5,"column":13}},"loc":{"start":{"line":5,"column":18},"end":{"line":17,"column":3}},"line":5},"2":{"name":"(anonymous_2)","decl":{"start":{"line":6,"column":27},"end":{"line":6,"column":28}},"loc":{"start":{"line":6,"column":34},"end":{"line":10,"column":5}},"line":6},"3":{"name":"(anonymous_3)","decl":{"start":{"line":13,"column":11},"end":{"line":13,"column":12}},"loc":{"start":{"line":13,"column":17},"end":{"line":16,"column":5}},"line":13},"4":{"name":"(anonymous_4)","decl":{"start":{"line":18,"column":23},"end":{"line":18,"column":24}},"loc":{"start":{"line":18,"column":30},"end":{"line":21,"column":3}},"line":18}},"branchMap":{"0":{"loc":{"start":{"line":7,"column":6},"end":{"line":9,"column":7}},"type":"if","locations":[{"start":{"line":7,"column":6},"end":{"line":9,"column":7}},{"start":{},"end":{}}],"line":7},"1":{"loc":{"start":{"line":8,"column":8},"end":{"line":8,"column":42}},"type":"if","locations":[{"start":{"line":8,"column":8},"end":{"line":8,"column":42}},{"start":{},"end":{}}],"line":8},"2":{"loc":{"start":{"line":19,"column":4},"end":{"line":19,"column":38}},"type":"if","locations":[{"start":{"line":19,"column":4},"end":{"line":19,"column":38}},{"start":{},"end":{}}],"line":19},"3":{"loc":{"start":{"line":29,"column":28},"end":{"line":29,"column":62}},"type":"cond-expr","locations":[{"start":{"line":29,"column":34},"end":{"line":29,"column":37}},{"start":{"line":29,"column":40},"end":{"line":29,"column":62}}],"line":29}},"s":{"0":1,"1":9,"2":9,"3":3,"4":2,"5":1,"6":9,"7":9,"8":9,"9":9,"10":9,"11":9,"12":3,"13":1,"14":3,"15":9},"f":{"0":9,"1":9,"2":3,"3":9,"4":3},"b":{"0":[2,1],"1":[1,1],"2":[1,2],"3":[7,2]},"_coverageSchema":"1a1c01bbd47fc00a2c39e90264f33305004495a9","hash":"8175afa6c1646aeb24ba5f986cd3776c3c01088e"}
,"D:\\MyRepository\\Elecard\\task-1-frontend\\src\\components\\ProtectedContent\\Content\\TaskBar\\TaskBar.jsx": {"path":"D:\\MyRepository\\Elecard\\task-1-frontend\\src\\components\\ProtectedContent\\Content\\TaskBar\\TaskBar.jsx","statementMap":{"0":{"start":{"line":9,"column":16},"end":{"line":163,"column":1}},"1":{"start":{"line":19,"column":6},"end":{"line":19,"column":11}},"2":{"start":{"line":20,"column":28},"end":{"line":26,"column":3}},"3":{"start":{"line":21,"column":4},"end":{"line":25,"column":8}},"4":{"start":{"line":22,"column":6},"end":{"line":25,"column":8}},"5":{"start":{"line":23,"column":14},"end":{"line":23,"column":70}},"6":{"start":{"line":23,"column":33},"end":{"line":23,"column":68}},"7":{"start":{"line":27,"column":22},"end":{"line":29,"column":3}},"8":{"start":{"line":30,"column":37},"end":{"line":30,"column":77}},"9":{"start":{"line":31,"column":21},"end":{"line":31,"column":50}},"10":{"start":{"line":32,"column":2},"end":{"line":46,"column":6}},"11":{"start":{"line":33,"column":4},"end":{"line":46,"column":6}},"12":{"start":{"line":47,"column":2},"end":{"line":162,"column":6}},"13":{"start":{"line":48,"column":4},"end":{"line":162,"column":6}},"14":{"start":{"line":60,"column":16},"end":{"line":60,"column":48}},"15":{"start":{"line":87,"column":16},"end":{"line":87,"column":50}},"16":{"start":{"line":94,"column":16},"end":{"line":96,"column":25}},"17":{"start":{"line":110,"column":16},"end":{"line":110,"column":49}},"18":{"start":{"line":145,"column":14},"end":{"line":145,"column":58}},"19":{"start":{"line":155,"column":14},"end":{"line":155,"column":28}}},"fnMap":{"0":{"name":"(anonymous_0)","decl":{"start":{"line":9,"column":16},"end":{"line":9,"column":17}},"loc":{"start":{"line":9,"column":27},"end":{"line":163,"column":1}},"line":9},"1":{"name":"(anonymous_1)","decl":{"start":{"line":20,"column":28},"end":{"line":20,"column":29}},"loc":{"start":{"line":20,"column":34},"end":{"line":26,"column":3}},"line":20},"2":{"name":"(anonymous_2)","decl":{"start":{"line":23,"column":8},"end":{"line":23,"column":9}},"loc":{"start":{"line":23,"column":14},"end":{"line":23,"column":70}},"line":23},"3":{"name":"(anonymous_3)","decl":{"start":{"line":23,"column":22},"end":{"line":23,"column":23}},"loc":{"start":{"line":23,"column":33},"end":{"line":23,"column":68}},"line":23},"4":{"name":"(anonymous_4)","decl":{"start":{"line":59,"column":24},"end":{"line":59,"column":25}},"loc":{"start":{"line":59,"column":35},"end":{"line":61,"column":15}},"line":59},"5":{"name":"(anonymous_5)","decl":{"start":{"line":86,"column":24},"end":{"line":86,"column":25}},"loc":{"start":{"line":86,"column":35},"end":{"line":88,"column":15}},"line":86},"6":{"name":"(anonymous_6)","decl":{"start":{"line":93,"column":30},"end":{"line":93,"column":31}},"loc":{"start":{"line":94,"column":16},"end":{"line":96,"column":25}},"line":94},"7":{"name":"(anonymous_7)","decl":{"start":{"line":109,"column":24},"end":{"line":109,"column":25}},"loc":{"start":{"line":109,"column":35},"end":{"line":111,"column":15}},"line":109},"8":{"name":"(anonymous_8)","decl":{"start":{"line":144,"column":22},"end":{"line":144,"column":23}},"loc":{"start":{"line":144,"column":29},"end":{"line":146,"column":13}},"line":144},"9":{"name":"(anonymous_9)","decl":{"start":{"line":154,"column":21},"end":{"line":154,"column":22}},"loc":{"start":{"line":154,"column":27},"end":{"line":156,"column":13}},"line":154}},"branchMap":{"0":{"loc":{"start":{"line":21,"column":4},"end":{"line":25,"column":8}},"type":"if","locations":[{"start":{"line":21,"column":4},"end":{"line":25,"column":8}},{"start":{},"end":{}}],"line":21},"1":{"loc":{"start":{"line":23,"column":33},"end":{"line":23,"column":68}},"type":"cond-expr","locations":[{"start":{"line":23,"column":52},"end":{"line":23,"column":58}},{"start":{"line":23,"column":61},"end":{"line":23,"column":68}}],"line":23},"2":{"loc":{"start":{"line":28,"column":4},"end":{"line":28,"column":74}},"type":"binary-expr","locations":[{"start":{"line":28,"column":5},"end":{"line":28,"column":27}},{"start":{"line":28,"column":31},"end":{"line":28,"column":55}},{"start":{"line":28,"column":60},"end":{"line":28,"column":74}}],"line":28},"3":{"loc":{"start":{"line":32,"column":2},"end":{"line":46,"column":6}},"type":"if","locations":[{"start":{"line":32,"column":2},"end":{"line":46,"column":6}},{"start":{},"end":{}}],"line":32},"4":{"loc":{"start":{"line":47,"column":2},"end":{"line":162,"column":6}},"type":"if","locations":[{"start":{"line":47,"column":2},"end":{"line":162,"column":6}},{"start":{},"end":{}}],"line":47}},"s":{"0":1,"1":11,"2":11,"3":1,"4":1,"5":1,"6":0,"7":11,"8":11,"9":11,"10":11,"11":1,"12":10,"13":8,"14":1,"15":1,"16":24,"17":1,"18":1,"19":1},"f":{"0":11,"1":1,"2":1,"3":0,"4":1,"5":1,"6":24,"7":1,"8":1,"9":1},"b":{"0":[1,0],"1":[0,0],"2":[11,1,10],"3":[1,10],"4":[8,2]},"_coverageSchema":"1a1c01bbd47fc00a2c39e90264f33305004495a9","hash":"773973ae37612e05c9a02ab40a0a3a1ee3a06758"}
,"D:\\MyRepository\\Elecard\\task-1-frontend\\src\\components\\ProtectedContent\\Content\\TreeView\\TreeView.jsx": {"path":"D:\\MyRepository\\Elecard\\task-1-frontend\\src\\components\\ProtectedContent\\Content\\TreeView\\TreeView.jsx","statementMap":{"0":{"start":{"line":13,"column":17},"end":{"line":57,"column":1}},"1":{"start":{"line":14,"column":42},"end":{"line":14,"column":56}},"2":{"start":{"line":15,"column":19},"end":{"line":15,"column":32}},"3":{"start":{"line":16,"column":23},"end":{"line":16,"column":56}},"4":{"start":{"line":17,"column":15},"end":{"line":17,"column":43}},"5":{"start":{"line":18,"column":18},"end":{"line":18,"column":26}},"6":{"start":{"line":19,"column":34},"end":{"line":19,"column":71}},"7":{"start":{"line":20,"column":2},"end":{"line":22,"column":23}},"8":{"start":{"line":21,"column":4},"end":{"line":21,"column":40}},"9":{"start":{"line":24,"column":20},"end":{"line":27,"column":4}},"10":{"start":{"line":29,"column":2},"end":{"line":56,"column":4}},"11":{"start":{"line":38,"column":25},"end":{"line":38,"column":57}},"12":{"start":{"line":38,"column":51},"end":{"line":38,"column":56}},"13":{"start":{"line":50,"column":14},"end":{"line":50,"column":74}}},"fnMap":{"0":{"name":"(anonymous_0)","decl":{"start":{"line":13,"column":17},"end":{"line":13,"column":18}},"loc":{"start":{"line":13,"column":34},"end":{"line":57,"column":1}},"line":13},"1":{"name":"(anonymous_1)","decl":{"start":{"line":20,"column":12},"end":{"line":20,"column":13}},"loc":{"start":{"line":20,"column":18},"end":{"line":22,"column":3}},"line":20},"2":{"name":"(anonymous_2)","decl":{"start":{"line":38,"column":19},"end":{"line":38,"column":20}},"loc":{"start":{"line":38,"column":25},"end":{"line":38,"column":57}},"line":38},"3":{"name":"(anonymous_3)","decl":{"start":{"line":38,"column":41},"end":{"line":38,"column":42}},"loc":{"start":{"line":38,"column":51},"end":{"line":38,"column":56}},"line":38},"4":{"name":"(anonymous_4)","decl":{"start":{"line":49,"column":29},"end":{"line":49,"column":30}},"loc":{"start":{"line":50,"column":14},"end":{"line":50,"column":74}},"line":50}},"branchMap":{"0":{"loc":{"start":{"line":26,"column":4},"end":{"line":26,"column":49}},"type":"binary-expr","locations":[{"start":{"line":26,"column":4},"end":{"line":26,"column":16}},{"start":{"line":26,"column":20},"end":{"line":26,"column":49}}],"line":26},"1":{"loc":{"start":{"line":40,"column":11},"end":{"line":40,"column":41}},"type":"binary-expr","locations":[{"start":{"line":40,"column":11},"end":{"line":40,"column":24}},{"start":{"line":40,"column":28},"end":{"line":40,"column":41}}],"line":40},"2":{"loc":{"start":{"line":41,"column":11},"end":{"line":41,"column":38}},"type":"binary-expr","locations":[{"start":{"line":41,"column":11},"end":{"line":41,"column":23}},{"start":{"line":41,"column":27},"end":{"line":41,"column":38}}],"line":41},"3":{"loc":{"start":{"line":47,"column":9},"end":{"line":52,"column":21}},"type":"cond-expr","locations":[{"start":{"line":48,"column":12},"end":{"line":51,"column":14}},{"start":{"line":52,"column":12},"end":{"line":52,"column":21}}],"line":47},"4":{"loc":{"start":{"line":48,"column":12},"end":{"line":51,"column":14}},"type":"binary-expr","locations":[{"start":{"line":48,"column":12},"end":{"line":48,"column":24}},{"start":{"line":49,"column":12},"end":{"line":51,"column":14}}],"line":48}},"s":{"0":1,"1":5,"2":5,"3":5,"4":5,"5":5,"6":5,"7":5,"8":5,"9":5,"10":5,"11":1,"12":1,"13":9},"f":{"0":5,"1":5,"2":1,"3":1,"4":9},"b":{"0":[5,4],"1":[5,1],"2":[5,4],"3":[4,1],"4":[4,3]},"_coverageSchema":"1a1c01bbd47fc00a2c39e90264f33305004495a9","hash":"9886d5d29972546653d72c142f6a86b6feec44c3"}
,"D:\\MyRepository\\Elecard\\task-1-frontend\\src\\components\\ProtectedContent\\Content\\TreeView\\Branch\\Branch.jsx": {"path":"D:\\MyRepository\\Elecard\\task-1-frontend\\src\\components\\ProtectedContent\\Content\\TreeView\\Branch\\Branch.jsx","statementMap":{"0":{"start":{"line":10,"column":15},"end":{"line":49,"column":1}},"1":{"start":{"line":11,"column":40},"end":{"line":11,"column":55}},"2":{"start":{"line":12,"column":22},"end":{"line":12,"column":63}},"3":{"start":{"line":13,"column":17},"end":{"line":13,"column":41}},"4":{"start":{"line":14,"column":20},"end":{"line":14,"column":28}},"5":{"start":{"line":15,"column":2},"end":{"line":48,"column":4}},"6":{"start":{"line":20,"column":23},"end":{"line":20,"column":54}},"7":{"start":{"line":20,"column":48},"end":{"line":20,"column":53}},"8":{"start":{"line":42,"column":12},"end":{"line":42,"column":44}}},"fnMap":{"0":{"name":"(anonymous_0)","decl":{"start":{"line":10,"column":15},"end":{"line":10,"column":16}},"loc":{"start":{"line":10,"column":42},"end":{"line":49,"column":1}},"line":10},"1":{"name":"(anonymous_1)","decl":{"start":{"line":20,"column":17},"end":{"line":20,"column":18}},"loc":{"start":{"line":20,"column":23},"end":{"line":20,"column":54}},"line":20},"2":{"name":"(anonymous_2)","decl":{"start":{"line":20,"column":38},"end":{"line":20,"column":39}},"loc":{"start":{"line":20,"column":48},"end":{"line":20,"column":53}},"line":20},"3":{"name":"(anonymous_3)","decl":{"start":{"line":41,"column":22},"end":{"line":41,"column":23}},"loc":{"start":{"line":42,"column":12},"end":{"line":42,"column":44}},"line":42}},"branchMap":{"0":{"loc":{"start":{"line":23,"column":11},"end":{"line":27,"column":11}},"type":"binary-expr","locations":[{"start":{"line":23,"column":11},"end":{"line":23,"column":23}},{"start":{"line":24,"column":12},"end":{"line":26,"column":18}}],"line":23},"1":{"loc":{"start":{"line":28,"column":11},"end":{"line":32,"column":11}},"type":"binary-expr","locations":[{"start":{"line":28,"column":11},"end":{"line":28,"column":22}},{"start":{"line":29,"column":12},"end":{"line":31,"column":18}}],"line":28},"2":{"loc":{"start":{"line":35,"column":15},"end":{"line":35,"column":57}},"type":"cond-expr","locations":[{"start":{"line":35,"column":28},"end":{"line":35,"column":38}},{"start":{"line":35,"column":41},"end":{"line":35,"column":57}}],"line":35},"3":{"loc":{"start":{"line":39,"column":7},"end":{"line":45,"column":7}},"type":"binary-expr","locations":[{"start":{"line":39,"column":7},"end":{"line":39,"column":18}},{"start":{"line":40,"column":8},"end":{"line":44,"column":14}}],"line":39}},"s":{"0":1,"1":6,"2":6,"3":6,"4":6,"5":6,"6":2,"7":2,"8":5},"f":{"0":6,"1":2,"2":2,"3":5},"b":{"0":[6,4],"1":[6,2],"2":[5,1],"3":[6,2]},"_coverageSchema":"1a1c01bbd47fc00a2c39e90264f33305004495a9","hash":"cf07cdc3841d5a6fc5f0e23a260edca1db4e4f3e"}
,"D:\\MyRepository\\Elecard\\task-1-frontend\\src\\components\\ProtectedContent\\Content\\TreeView\\Branch\\Leaf\\Leaf.jsx": {"path":"D:\\MyRepository\\Elecard\\task-1-frontend\\src\\components\\ProtectedContent\\Content\\TreeView\\Branch\\Leaf\\Leaf.jsx","statementMap":{"0":{"start":{"line":7,"column":13},"end":{"line":47,"column":1}},"1":{"start":{"line":8,"column":42},"end":{"line":8,"column":57}},"2":{"start":{"line":9,"column":15},"end":{"line":9,"column":60}},"3":{"start":{"line":10,"column":15},"end":{"line":10,"column":44}},"4":{"start":{"line":11,"column":34},"end":{"line":11,"column":76}},"5":{"start":{"line":12,"column":2},"end":{"line":46,"column":4}},"6":{"start":{"line":18,"column":10},"end":{"line":18,"column":32}}},"fnMap":{"0":{"name":"(anonymous_0)","decl":{"start":{"line":7,"column":13},"end":{"line":7,"column":14}},"loc":{"start":{"line":7,"column":27},"end":{"line":47,"column":1}},"line":7},"1":{"name":"(anonymous_1)","decl":{"start":{"line":17,"column":17},"end":{"line":17,"column":18}},"loc":{"start":{"line":17,"column":23},"end":{"line":19,"column":9}},"line":17}},"branchMap":{"0":{"loc":{"start":{"line":28,"column":12},"end":{"line":28,"column":45}},"type":"cond-expr","locations":[{"start":{"line":28,"column":24},"end":{"line":28,"column":33}},{"start":{"line":28,"column":36},"end":{"line":28,"column":45}}],"line":28},"1":{"loc":{"start":{"line":36,"column":43},"end":{"line":36,"column":77}},"type":"cond-expr","locations":[{"start":{"line":36,"column":50},"end":{"line":36,"column":72}},{"start":{"line":36,"column":75},"end":{"line":36,"column":77}}],"line":36},"2":{"loc":{"start":{"line":43,"column":9},"end":{"line":43,"column":78}},"type":"binary-expr","locations":[{"start":{"line":43,"column":9},"end":{"line":43,"column":21}},{"start":{"line":43,"column":25},"end":{"line":43,"column":78}}],"line":43}},"s":{"0":1,"1":4,"2":4,"3":4,"4":4,"5":4,"6":1},"f":{"0":4,"1":1},"b":{"0":[3,1],"1":[3,1],"2":[4,1]},"_coverageSchema":"1a1c01bbd47fc00a2c39e90264f33305004495a9","hash":"c5d45c585aa56ec7dabd507b7ae20e456dc19410"}
,"D:\\MyRepository\\Elecard\\task-1-frontend\\src\\components\\ProtectedContent\\Form\\Form.jsx": {"path":"D:\\MyRepository\\Elecard\\task-1-frontend\\src\\components\\ProtectedContent\\Form\\Form.jsx","statementMap":{"0":{"start":{"line":7,"column":13},"end":{"line":34,"column":1}},"1":{"start":{"line":8,"column":38},"end":{"line":8,"column":52}},"2":{"start":{"line":10,"column":4},"end":{"line":10,"column":49}},"3":{"start":{"line":11,"column":2},"end":{"line":33,"column":4}},"4":{"start":{"line":18,"column":25},"end":{"line":18,"column":44}},"5":{"start":{"line":26,"column":25},"end":{"line":26,"column":45}}},"fnMap":{"0":{"name":"(anonymous_0)","decl":{"start":{"line":7,"column":13},"end":{"line":7,"column":14}},"loc":{"start":{"line":7,"column":19},"end":{"line":34,"column":1}},"line":7},"1":{"name":"(anonymous_1)","decl":{"start":{"line":18,"column":19},"end":{"line":18,"column":20}},"loc":{"start":{"line":18,"column":25},"end":{"line":18,"column":44}},"line":18},"2":{"name":"(anonymous_2)","decl":{"start":{"line":26,"column":19},"end":{"line":26,"column":20}},"loc":{"start":{"line":26,"column":25},"end":{"line":26,"column":45}},"line":26}},"branchMap":{"0":{"loc":{"start":{"line":16,"column":26},"end":{"line":16,"column":66}},"type":"binary-expr","locations":[{"start":{"line":16,"column":26},"end":{"line":16,"column":36}},{"start":{"line":16,"column":40},"end":{"line":16,"column":66}}],"line":16},"1":{"loc":{"start":{"line":24,"column":26},"end":{"line":24,"column":66}},"type":"binary-expr","locations":[{"start":{"line":24,"column":26},"end":{"line":24,"column":36}},{"start":{"line":24,"column":40},"end":{"line":24,"column":66}}],"line":24},"2":{"loc":{"start":{"line":31,"column":7},"end":{"line":31,"column":55}},"type":"binary-expr","locations":[{"start":{"line":31,"column":8},"end":{"line":31,"column":18}},{"start":{"line":31,"column":22},"end":{"line":31,"column":36}},{"start":{"line":31,"column":41},"end":{"line":31,"column":55}}],"line":31}},"s":{"0":1,"1":4,"2":4,"3":4,"4":1,"5":1},"f":{"0":4,"1":1,"2":1},"b":{"0":[4,3],"1":[4,1],"2":[4,3,1]},"_coverageSchema":"1a1c01bbd47fc00a2c39e90264f33305004495a9","hash":"5360dae56cb0c09ca9d10f388a2598ff560e6f47"}
,"D:\\MyRepository\\Elecard\\task-1-frontend\\src\\components\\ProtectedContent\\Form\\SignInForm\\SignInForm.jsx": {"path":"D:\\MyRepository\\Elecard\\task-1-frontend\\src\\components\\ProtectedContent\\Form\\SignInForm\\SignInForm.jsx","statementMap":{"0":{"start":{"line":9,"column":19},"end":{"line":85,"column":1}},"1":{"start":{"line":10,"column":34},"end":{"line":10,"column":71}},"2":{"start":{"line":11,"column":44},"end":{"line":11,"column":56}},"3":{"start":{"line":12,"column":36},"end":{"line":12,"column":51}},"4":{"start":{"line":13,"column":48},"end":{"line":13,"column":63}},"5":{"start":{"line":14,"column":58},"end":{"line":14,"column":67}},"6":{"start":{"line":15,"column":21},"end":{"line":15,"column":30}},"7":{"start":{"line":16,"column":35},"end":{"line":19,"column":3}},"8":{"start":{"line":17,"column":4},"end":{"line":17,"column":24}},"9":{"start":{"line":18,"column":4},"end":{"line":18,"column":40}},"10":{"start":{"line":18,"column":33},"end":{"line":18,"column":38}},"11":{"start":{"line":20,"column":29},"end":{"line":29,"column":3}},"12":{"start":{"line":21,"column":4},"end":{"line":21,"column":23}},"13":{"start":{"line":22,"column":4},"end":{"line":28,"column":7}},"14":{"start":{"line":23,"column":6},"end":{"line":23,"column":26}},"15":{"start":{"line":24,"column":6},"end":{"line":27,"column":7}},"16":{"start":{"line":25,"column":8},"end":{"line":25,"column":72}},"17":{"start":{"line":26,"column":8},"end":{"line":26,"column":26}},"18":{"start":{"line":31,"column":2},"end":{"line":84,"column":4}}},"fnMap":{"0":{"name":"(anonymous_0)","decl":{"start":{"line":9,"column":19},"end":{"line":9,"column":20}},"loc":{"start":{"line":9,"column":25},"end":{"line":85,"column":1}},"line":9},"1":{"name":"(anonymous_1)","decl":{"start":{"line":16,"column":35},"end":{"line":16,"column":36}},"loc":{"start":{"line":16,"column":42},"end":{"line":19,"column":3}},"line":16},"2":{"name":"(anonymous_2)","decl":{"start":{"line":18,"column":23},"end":{"line":18,"column":24}},"loc":{"start":{"line":18,"column":33},"end":{"line":18,"column":38}},"line":18},"3":{"name":"(anonymous_3)","decl":{"start":{"line":20,"column":29},"end":{"line":20,"column":30}},"loc":{"start":{"line":20,"column":45},"end":{"line":29,"column":3}},"line":20},"4":{"name":"(anonymous_4)","decl":{"start":{"line":22,"column":35},"end":{"line":22,"column":36}},"loc":{"start":{"line":22,"column":46},"end":{"line":28,"column":5}},"line":22}},"branchMap":{"0":{"loc":{"start":{"line":24,"column":6},"end":{"line":27,"column":7}},"type":"if","locations":[{"start":{"line":24,"column":6},"end":{"line":27,"column":7}},{"start":{},"end":{}}],"line":24},"1":{"loc":{"start":{"line":64,"column":18},"end":{"line":64,"column":55}},"type":"cond-expr","locations":[{"start":{"line":64,"column":36},"end":{"line":64,"column":42}},{"start":{"line":64,"column":45},"end":{"line":64,"column":55}}],"line":64},"2":{"loc":{"start":{"line":71,"column":13},"end":{"line":71,"column":69}},"type":"binary-expr","locations":[{"start":{"line":71,"column":14},"end":{"line":71,"column":29}},{"start":{"line":71,"column":33},"end":{"line":71,"column":47}},{"start":{"line":71,"column":52},"end":{"line":71,"column":69}}],"line":71},"3":{"loc":{"start":{"line":82,"column":7},"end":{"line":82,"column":45}},"type":"binary-expr","locations":[{"start":{"line":82,"column":7},"end":{"line":82,"column":16}},{"start":{"line":82,"column":20},"end":{"line":82,"column":45}}],"line":82}},"s":{"0":2,"1":12,"2":12,"3":12,"4":12,"5":12,"6":12,"7":12,"8":0,"9":0,"10":0,"11":12,"12":2,"13":2,"14":2,"15":2,"16":1,"17":1,"18":12},"f":{"0":12,"1":0,"2":0,"3":2,"4":2},"b":{"0":[1,1],"1":[0,12],"2":[12,0,12],"3":[12,0]},"_coverageSchema":"1a1c01bbd47fc00a2c39e90264f33305004495a9","hash":"2f27a2f552cf844e9b497eb3d00d68cbdbf9a1f0"}
,"D:\\MyRepository\\Elecard\\task-1-frontend\\src\\components\\ProtectedContent\\Form\\SignUpForm\\SignUpForm.jsx": {"path":"D:\\MyRepository\\Elecard\\task-1-frontend\\src\\components\\ProtectedContent\\Form\\SignUpForm\\SignUpForm.jsx","statementMap":{"0":{"start":{"line":8,"column":19},"end":{"line":189,"column":1}},"1":{"start":{"line":9,"column":62},"end":{"line":9,"column":71}},"2":{"start":{"line":10,"column":32},"end":{"line":10,"column":47}},"3":{"start":{"line":11,"column":21},"end":{"line":11,"column":30}},"4":{"start":{"line":12,"column":46},"end":{"line":12,"column":60}},"5":{"start":{"line":13,"column":48},"end":{"line":13,"column":63}},"6":{"start":{"line":14,"column":50},"end":{"line":14,"column":65}},"7":{"start":{"line":15,"column":44},"end":{"line":15,"column":56}},"8":{"start":{"line":16,"column":34},"end":{"line":16,"column":71}},"9":{"start":{"line":17,"column":24},"end":{"line":20,"column":3}},"10":{"start":{"line":18,"column":4},"end":{"line":19,"column":69}},"11":{"start":{"line":19,"column":6},"end":{"line":19,"column":69}},"12":{"start":{"line":21,"column":2},"end":{"line":23,"column":39}},"13":{"start":{"line":22,"column":4},"end":{"line":22,"column":12}},"14":{"start":{"line":25,"column":35},"end":{"line":28,"column":3}},"15":{"start":{"line":26,"column":4},"end":{"line":26,"column":24}},"16":{"start":{"line":27,"column":4},"end":{"line":27,"column":40}},"17":{"start":{"line":27,"column":33},"end":{"line":27,"column":38}},"18":{"start":{"line":29,"column":36},"end":{"line":32,"column":3}},"19":{"start":{"line":30,"column":4},"end":{"line":30,"column":24}},"20":{"start":{"line":31,"column":4},"end":{"line":31,"column":41}},"21":{"start":{"line":31,"column":34},"end":{"line":31,"column":39}},"22":{"start":{"line":33,"column":29},"end":{"line":46,"column":3}},"23":{"start":{"line":34,"column":4},"end":{"line":34,"column":21}},"24":{"start":{"line":35,"column":4},"end":{"line":45,"column":7}},"25":{"start":{"line":36,"column":6},"end":{"line":36,"column":25}},"26":{"start":{"line":37,"column":6},"end":{"line":43,"column":7}},"27":{"start":{"line":38,"column":8},"end":{"line":42,"column":9}},"28":{"start":{"line":39,"column":10},"end":{"line":39,"column":77}},"29":{"start":{"line":40,"column":15},"end":{"line":42,"column":9}},"30":{"start":{"line":41,"column":10},"end":{"line":41,"column":74}},"31":{"start":{"line":44,"column":6},"end":{"line":44,"column":24}},"32":{"start":{"line":47,"column":2},"end":{"line":188,"column":4}},"33":{"start":{"line":89,"column":26},"end":{"line":89,"column":60}},"34":{"start":{"line":89,"column":54},"end":{"line":89,"column":59}}},"fnMap":{"0":{"name":"(anonymous_0)","decl":{"start":{"line":8,"column":19},"end":{"line":8,"column":20}},"loc":{"start":{"line":8,"column":25},"end":{"line":189,"column":1}},"line":8},"1":{"name":"(anonymous_1)","decl":{"start":{"line":17,"column":24},"end":{"line":17,"column":25}},"loc":{"start":{"line":17,"column":47},"end":{"line":20,"column":3}},"line":17},"2":{"name":"(anonymous_2)","decl":{"start":{"line":21,"column":12},"end":{"line":21,"column":13}},"loc":{"start":{"line":21,"column":18},"end":{"line":23,"column":3}},"line":21},"3":{"name":"(anonymous_3)","decl":{"start":{"line":25,"column":35},"end":{"line":25,"column":36}},"loc":{"start":{"line":25,"column":42},"end":{"line":28,"column":3}},"line":25},"4":{"name":"(anonymous_4)","decl":{"start":{"line":27,"column":23},"end":{"line":27,"column":24}},"loc":{"start":{"line":27,"column":33},"end":{"line":27,"column":38}},"line":27},"5":{"name":"(anonymous_5)","decl":{"start":{"line":29,"column":36},"end":{"line":29,"column":37}},"loc":{"start":{"line":29,"column":43},"end":{"line":32,"column":3}},"line":29},"6":{"name":"(anonymous_6)","decl":{"start":{"line":31,"column":24},"end":{"line":31,"column":25}},"loc":{"start":{"line":31,"column":34},"end":{"line":31,"column":39}},"line":31},"7":{"name":"(anonymous_7)","decl":{"start":{"line":33,"column":29},"end":{"line":33,"column":30}},"loc":{"start":{"line":33,"column":45},"end":{"line":46,"column":3}},"line":33},"8":{"name":"(anonymous_8)","decl":{"start":{"line":35,"column":29},"end":{"line":35,"column":30}},"loc":{"start":{"line":35,"column":40},"end":{"line":45,"column":5}},"line":35},"9":{"name":"(anonymous_9)","decl":{"start":{"line":89,"column":20},"end":{"line":89,"column":21}},"loc":{"start":{"line":89,"column":26},"end":{"line":89,"column":60}},"line":89},"10":{"name":"(anonymous_10)","decl":{"start":{"line":89,"column":44},"end":{"line":89,"column":45}},"loc":{"start":{"line":89,"column":54},"end":{"line":89,"column":59}},"line":89}},"branchMap":{"0":{"loc":{"start":{"line":18,"column":4},"end":{"line":19,"column":69}},"type":"if","locations":[{"start":{"line":18,"column":4},"end":{"line":19,"column":69}},{"start":{},"end":{}}],"line":18},"1":{"loc":{"start":{"line":37,"column":6},"end":{"line":43,"column":7}},"type":"if","locations":[{"start":{"line":37,"column":6},"end":{"line":43,"column":7}},{"start":{},"end":{}}],"line":37},"2":{"loc":{"start":{"line":38,"column":8},"end":{"line":42,"column":9}},"type":"if","locations":[{"start":{"line":38,"column":8},"end":{"line":42,"column":9}},{"start":{"line":40,"column":15},"end":{"line":42,"column":9}}],"line":38},"3":{"loc":{"start":{"line":40,"column":15},"end":{"line":42,"column":9}},"type":"if","locations":[{"start":{"line":40,"column":15},"end":{"line":42,"column":9}},{"start":{},"end":{}}],"line":40},"4":{"loc":{"start":{"line":108,"column":27},"end":{"line":108,"column":72}},"type":"binary-expr","locations":[{"start":{"line":108,"column":27},"end":{"line":108,"column":43}},{"start":{"line":108,"column":47},"end":{"line":108,"column":72}}],"line":108},"5":{"loc":{"start":{"line":143,"column":18},"end":{"line":143,"column":55}},"type":"cond-expr","locations":[{"start":{"line":143,"column":36},"end":{"line":143,"column":42}},{"start":{"line":143,"column":45},"end":{"line":143,"column":55}}],"line":143},"6":{"loc":{"start":{"line":150,"column":13},"end":{"line":150,"column":69}},"type":"binary-expr","locations":[{"start":{"line":150,"column":14},"end":{"line":150,"column":29}},{"start":{"line":150,"column":33},"end":{"line":150,"column":47}},{"start":{"line":150,"column":52},"end":{"line":150,"column":69}}],"line":150},"7":{"loc":{"start":{"line":169,"column":18},"end":{"line":169,"column":56}},"type":"cond-expr","locations":[{"start":{"line":169,"column":37},"end":{"line":169,"column":43}},{"start":{"line":169,"column":46},"end":{"line":169,"column":56}}],"line":169},"8":{"loc":{"start":{"line":176,"column":13},"end":{"line":176,"column":70}},"type":"binary-expr","locations":[{"start":{"line":176,"column":14},"end":{"line":176,"column":30}},{"start":{"line":176,"column":34},"end":{"line":176,"column":48}},{"start":{"line":176,"column":53},"end":{"line":176,"column":70}}],"line":176}},"s":{"0":2,"1":18,"2":18,"3":18,"4":18,"5":18,"6":18,"7":18,"8":18,"9":18,"10":3,"11":1,"12":18,"13":5,"14":18,"15":0,"16":0,"17":0,"18":18,"19":0,"20":0,"21":0,"22":18,"23":2,"24":2,"25":2,"26":2,"27":2,"28":1,"29":1,"30":1,"31":2,"32":18,"33":4,"34":4},"f":{"0":18,"1":3,"2":5,"3":0,"4":0,"5":0,"6":0,"7":2,"8":2,"9":4,"10":4},"b":{"0":[1,2],"1":[2,0],"2":[1,1],"3":[1,0],"4":[18,10],"5":[0,18],"6":[18,0,18],"7":[0,18],"8":[18,0,18]},"_coverageSchema":"1a1c01bbd47fc00a2c39e90264f33305004495a9","hash":"9891fc80be8af4862c076eea62e9a236d1080fb5"}
,"D:\\MyRepository\\Elecard\\task-1-frontend\\src\\icons\\ArrowDown.svg": {"path":"D:\\MyRepository\\Elecard\\task-1-frontend\\src\\icons\\ArrowDown.svg","statementMap":{"0":{"start":{"line":2,"column":14},"end":{"line":2,"column":30}},"1":{"start":{"line":4,"column":2},"end":{"line":7,"column":4}},"2":{"start":{"line":9,"column":0},"end":{"line":9,"column":30}}},"fnMap":{"0":{"name":"SvgArrowDown","decl":{"start":{"line":3,"column":9},"end":{"line":3,"column":21}},"loc":{"start":{"line":3,"column":29},"end":{"line":8,"column":1}},"line":3}},"branchMap":{},"s":{"0":2,"1":5,"2":2},"f":{"0":5},"b":{},"_coverageSchema":"1a1c01bbd47fc00a2c39e90264f33305004495a9","hash":"d15b948f60f0e1f12e9791f18433b34e94712c55"}
,"D:\\MyRepository\\Elecard\\task-1-frontend\\src\\icons\\ArrowUp.svg": {"path":"D:\\MyRepository\\Elecard\\task-1-frontend\\src\\icons\\ArrowUp.svg","statementMap":{"0":{"start":{"line":2,"column":14},"end":{"line":2,"column":30}},"1":{"start":{"line":4,"column":2},"end":{"line":7,"column":4}},"2":{"start":{"line":9,"column":0},"end":{"line":9,"column":28}}},"fnMap":{"0":{"name":"SvgArrowUp","decl":{"start":{"line":3,"column":9},"end":{"line":3,"column":19}},"loc":{"start":{"line":3,"column":27},"end":{"line":8,"column":1}},"line":3}},"branchMap":{},"s":{"0":2,"1":6,"2":2},"f":{"0":6},"b":{},"_coverageSchema":"1a1c01bbd47fc00a2c39e90264f33305004495a9","hash":"2109287be97b8d5fb2eb287ad56a125c44d8feb8"}
,"D:\\MyRepository\\Elecard\\task-1-frontend\\src\\icons\\CloseIcon.svg": {"path":"D:\\MyRepository\\Elecard\\task-1-frontend\\src\\icons\\CloseIcon.svg","statementMap":{"0":{"start":{"line":2,"column":14},"end":{"line":2,"column":30}},"1":{"start":{"line":4,"column":2},"end":{"line":7,"column":4}},"2":{"start":{"line":9,"column":0},"end":{"line":9,"column":30}}},"fnMap":{"0":{"name":"SvgCloseIcon","decl":{"start":{"line":3,"column":9},"end":{"line":3,"column":21}},"loc":{"start":{"line":3,"column":29},"end":{"line":8,"column":1}},"line":3}},"branchMap":{},"s":{"0":2,"1":16,"2":2},"f":{"0":16},"b":{},"_coverageSchema":"1a1c01bbd47fc00a2c39e90264f33305004495a9","hash":"b244f1c69efb2e4dc2fbdd636fdb50fe0047f5cd"}
,"D:\\MyRepository\\Elecard\\task-1-frontend\\src\\icons\\DownloadIcon.svg": {"path":"D:\\MyRepository\\Elecard\\task-1-frontend\\src\\icons\\DownloadIcon.svg","statementMap":{"0":{"start":{"line":2,"column":14},"end":{"line":2,"column":30}},"1":{"start":{"line":4,"column":2},"end":{"line":7,"column":4}},"2":{"start":{"line":9,"column":0},"end":{"line":9,"column":33}}},"fnMap":{"0":{"name":"SvgDownloadIcon","decl":{"start":{"line":3,"column":9},"end":{"line":3,"column":24}},"loc":{"start":{"line":3,"column":32},"end":{"line":8,"column":1}},"line":3}},"branchMap":{},"s":{"0":2,"1":11,"2":2},"f":{"0":11},"b":{},"_coverageSchema":"1a1c01bbd47fc00a2c39e90264f33305004495a9","hash":"d3e5c501685f6e2886b743dfab0566d37010b328"}
,"D:\\MyRepository\\Elecard\\task-1-frontend\\src\\store\\appSlice.js": {"path":"D:\\MyRepository\\Elecard\\task-1-frontend\\src\\store\\appSlice.js","statementMap":{"0":{"start":{"line":3,"column":17},"end":{"line":14,"column":2}},"1":{"start":{"line":10,"column":6},"end":{"line":10,"column":47}},"2":{"start":{"line":11,"column":6},"end":{"line":11,"column":26}},"3":{"start":{"line":16,"column":34},"end":{"line":16,"column":50}},"4":{"start":{"line":18,"column":18},"end":{"line":18,"column":38}},"5":{"start":{"line":18,"column":29},"end":{"line":18,"column":38}},"6":{"start":{"line":20,"column":33},"end":{"line":23,"column":1}},"7":{"start":{"line":22,"column":16},"end":{"line":22,"column":30}}},"fnMap":{"0":{"name":"(anonymous_0)","decl":{"start":{"line":9,"column":20},"end":{"line":9,"column":21}},"loc":{"start":{"line":9,"column":39},"end":{"line":12,"column":5}},"line":9},"1":{"name":"(anonymous_1)","decl":{"start":{"line":18,"column":18},"end":{"line":18,"column":19}},"loc":{"start":{"line":18,"column":29},"end":{"line":18,"column":38}},"line":18},"2":{"name":"(anonymous_2)","decl":{"start":{"line":22,"column":2},"end":{"line":22,"column":3}},"loc":{"start":{"line":22,"column":16},"end":{"line":22,"column":30}},"line":22}},"branchMap":{},"s":{"0":2,"1":0,"2":0,"3":2,"4":2,"5":0,"6":2,"7":0},"f":{"0":0,"1":0,"2":0},"b":{},"_coverageSchema":"1a1c01bbd47fc00a2c39e90264f33305004495a9","hash":"deaa5e47a6542d6b23d93578af04e55c730573a3"}
,"D:\\MyRepository\\Elecard\\task-1-frontend\\src\\utils\\textContext.js": {"path":"D:\\MyRepository\\Elecard\\task-1-frontend\\src\\utils\\textContext.js","statementMap":{"0":{"start":{"line":3,"column":31},"end":{"line":3,"column":46}},"1":{"start":{"line":5,"column":28},"end":{"line":234,"column":1}}},"fnMap":{},"branchMap":{},"s":{"0":11,"1":11},"f":{},"b":{},"_coverageSchema":"1a1c01bbd47fc00a2c39e90264f33305004495a9","hash":"2d3154e1df87466804684df53036b81c3f0dbce4"}
}
