{"D:\\MyRepository\\Elecard\\task-1-frontend\\src\\components\\Alert\\Alert.jsx": {"path":"D:\\MyRepository\\Elecard\\task-1-frontend\\src\\components\\Alert\\Alert.jsx","statementMap":{"0":{"start":{"line":5,"column":14},"end":{"line":57,"column":1}},"1":{"start":{"line":6,"column":35},"end":{"line":6,"column":73}},"2":{"start":{"line":7,"column":16},"end":{"line":7,"column":18}},"3":{"start":{"line":8,"column":25},"end":{"line":8,"column":59}},"4":{"start":{"line":9,"column":21},"end":{"line":9,"column":45}},"5":{"start":{"line":10,"column":2},"end":{"line":43,"column":3}},"6":{"start":{"line":12,"column":6},"end":{"line":12,"column":54}},"7":{"start":{"line":13,"column":6},"end":{"line":13,"column":12}},"8":{"start":{"line":16,"column":6},"end":{"line":16,"column":54}},"9":{"start":{"line":17,"column":6},"end":{"line":17,"column":12}},"10":{"start":{"line":20,"column":6},"end":{"line":20,"column":49}},"11":{"start":{"line":21,"column":6},"end":{"line":21,"column":12}},"12":{"start":{"line":24,"column":6},"end":{"line":24,"column":58}},"13":{"start":{"line":25,"column":6},"end":{"line":25,"column":12}},"14":{"start":{"line":28,"column":6},"end":{"line":28,"column":58}},"15":{"start":{"line":29,"column":6},"end":{"line":29,"column":12}},"16":{"start":{"line":32,"column":6},"end":{"line":32,"column":63}},"17":{"start":{"line":33,"column":6},"end":{"line":33,"column":12}},"18":{"start":{"line":36,"column":6},"end":{"line":36,"column":63}},"19":{"start":{"line":37,"column":6},"end":{"line":37,"column":12}},"20":{"start":{"line":40,"column":6},"end":{"line":40,"column":49}},"21":{"start":{"line":41,"column":6},"end":{"line":41,"column":12}},"22":{"start":{"line":45,"column":21},"end":{"line":51,"column":3}},"23":{"start":{"line":52,"column":2},"end":{"line":56,"column":4}}},"fnMap":{"0":{"name":"(anonymous_0)","decl":{"start":{"line":5,"column":14},"end":{"line":5,"column":15}},"loc":{"start":{"line":5,"column":30},"end":{"line":57,"column":1}},"line":5}},"branchMap":{"0":{"loc":{"start":{"line":10,"column":2},"end":{"line":43,"column":3}},"type":"switch","locations":[{"start":{"line":11,"column":4},"end":{"line":14,"column":5}},{"start":{"line":15,"column":4},"end":{"line":18,"column":5}},{"start":{"line":19,"column":4},"end":{"line":22,"column":5}},{"start":{"line":23,"column":4},"end":{"line":26,"column":5}},{"start":{"line":27,"column":4},"end":{"line":30,"column":5}},{"start":{"line":31,"column":4},"end":{"line":34,"column":5}},{"start":{"line":35,"column":4},"end":{"line":38,"column":5}},{"start":{"line":39,"column":4},"end":{"line":42,"column":5}}],"line":10},"1":{"loc":{"start":{"line":47,"column":4},"end":{"line":47,"column":67}},"type":"binary-expr","locations":[{"start":{"line":47,"column":4},"end":{"line":47,"column":37}},{"start":{"line":47,"column":41},"end":{"line":47,"column":67}}],"line":47},"2":{"loc":{"start":{"line":48,"column":4},"end":{"line":48,"column":62}},"type":"binary-expr","locations":[{"start":{"line":48,"column":4},"end":{"line":48,"column":33}},{"start":{"line":48,"column":37},"end":{"line":48,"column":62}}],"line":48},"3":{"loc":{"start":{"line":49,"column":4},"end":{"line":50,"column":27}},"type":"binary-expr","locations":[{"start":{"line":49,"column":5},"end":{"line":49,"column":26}},{"start":{"line":49,"column":30},"end":{"line":49,"column":56}},{"start":{"line":50,"column":6},"end":{"line":50,"column":27}}],"line":49}},"s":{"0":5,"1":16,"2":16,"3":16,"4":16,"5":16,"6":6,"7":6,"8":1,"9":1,"10":1,"11":1,"12":1,"13":1,"14":1,"15":1,"16":2,"17":2,"18":3,"19":3,"20":1,"21":1,"22":16,"23":16},"f":{"0":16},"b":{"0":[6,1,1,1,1,2,3,1],"1":[16,9],"2":[16,2],"3":[16,15,2]},"_coverageSchema":"1a1c01bbd47fc00a2c39e90264f33305004495a9","hash":"cb3b701e6810cb09ffa15f421c0ac29cf5e7cc5c"}
,"D:\\MyRepository\\Elecard\\task-1-frontend\\src\\components\\ButtonDownload\\ButtonDownload.jsx": {"path":"D:\\MyRepository\\Elecard\\task-1-frontend\\src\\components\\ButtonDownload\\ButtonDownload.jsx","statementMap":{"0":{"start":{"line":5,"column":23},"end":{"line":32,"column":1}},"1":{"start":{"line":6,"column":42},"end":{"line":6,"column":57}},"2":{"start":{"line":7,"column":30},"end":{"line":7,"column":42}},"3":{"start":{"line":9,"column":23},"end":{"line":13,"column":3}},"4":{"start":{"line":10,"column":4},"end":{"line":10,"column":23}},"5":{"start":{"line":11,"column":4},"end":{"line":11,"column":26}},"6":{"start":{"line":12,"column":4},"end":{"line":12,"column":51}},"7":{"start":{"line":12,"column":21},"end":{"line":12,"column":43}},"8":{"start":{"line":14,"column":26},"end":{"line":24,"column":3}},"9":{"start":{"line":15,"column":4},"end":{"line":18,"column":5}},"10":{"start":{"line":16,"column":6},"end":{"line":16,"column":36}},"11":{"start":{"line":17,"column":6},"end":{"line":17,"column":13}},"12":{"start":{"line":19,"column":4},"end":{"line":19,"column":29}},"13":{"start":{"line":20,"column":19},"end":{"line":20,"column":46}},"14":{"start":{"line":21,"column":4},"end":{"line":21,"column":22}},"15":{"start":{"line":22,"column":4},"end":{"line":22,"column":52}},"16":{"start":{"line":23,"column":4},"end":{"line":23,"column":19}},"17":{"start":{"line":26,"column":2},"end":{"line":31,"column":4}}},"fnMap":{"0":{"name":"(anonymous_0)","decl":{"start":{"line":5,"column":23},"end":{"line":5,"column":24}},"loc":{"start":{"line":5,"column":42},"end":{"line":32,"column":1}},"line":5},"1":{"name":"(anonymous_1)","decl":{"start":{"line":9,"column":23},"end":{"line":9,"column":24}},"loc":{"start":{"line":9,"column":36},"end":{"line":13,"column":3}},"line":9},"2":{"name":"(anonymous_2)","decl":{"start":{"line":12,"column":15},"end":{"line":12,"column":16}},"loc":{"start":{"line":12,"column":21},"end":{"line":12,"column":43}},"line":12},"3":{"name":"(anonymous_3)","decl":{"start":{"line":14,"column":26},"end":{"line":14,"column":27}},"loc":{"start":{"line":14,"column":32},"end":{"line":24,"column":3}},"line":14}},"branchMap":{"0":{"loc":{"start":{"line":15,"column":4},"end":{"line":18,"column":5}},"type":"if","locations":[{"start":{"line":15,"column":4},"end":{"line":18,"column":5}},{"start":{},"end":{}}],"line":15},"1":{"loc":{"start":{"line":22,"column":22},"end":{"line":22,"column":51}},"type":"cond-expr","locations":[{"start":{"line":22,"column":29},"end":{"line":22,"column":33}},{"start":{"line":22,"column":36},"end":{"line":22,"column":51}}],"line":22},"2":{"loc":{"start":{"line":29,"column":7},"end":{"line":29,"column":48}},"type":"binary-expr","locations":[{"start":{"line":29,"column":7},"end":{"line":29,"column":19}},{"start":{"line":29,"column":23},"end":{"line":29,"column":48}}],"line":29}},"s":{"0":3,"1":18,"2":18,"3":18,"4":3,"5":3,"6":3,"7":0,"8":18,"9":3,"10":1,"11":1,"12":2,"13":2,"14":2,"15":2,"16":2,"17":18},"f":{"0":18,"1":3,"2":0,"3":3},"b":{"0":[1,2],"1":[1,1],"2":[18,3]},"_coverageSchema":"1a1c01bbd47fc00a2c39e90264f33305004495a9","hash":"feeea6d1f3faa4eb7eb6ccda00c1561658d15e7b"}
,"D:\\MyRepository\\Elecard\\task-1-frontend\\src\\components\\ButtonToTop\\ButtonToTop.jsx": {"path":"D:\\MyRepository\\Elecard\\task-1-frontend\\src\\components\\ButtonToTop\\ButtonToTop.jsx","statementMap":{"0":{"start":{"line":6,"column":20},"end":{"line":65,"column":1}},"1":{"start":{"line":7,"column":44},"end":{"line":7,"column":59}},"2":{"start":{"line":8,"column":22},"end":{"line":13,"column":3}},"3":{"start":{"line":15,"column":4},"end":{"line":15,"column":53}},"4":{"start":{"line":16,"column":33},"end":{"line":22,"column":15}},"5":{"start":{"line":17,"column":4},"end":{"line":21,"column":5}},"6":{"start":{"line":18,"column":6},"end":{"line":18,"column":67}},"7":{"start":{"line":20,"column":6},"end":{"line":20,"column":45}},"8":{"start":{"line":23,"column":22},"end":{"line":23,"column":54}},"9":{"start":{"line":24,"column":2},"end":{"line":36,"column":31}},"10":{"start":{"line":25,"column":4},"end":{"line":25,"column":62}},"11":{"start":{"line":26,"column":4},"end":{"line":26,"column":62}},"12":{"start":{"line":28,"column":21},"end":{"line":28,"column":65}},"13":{"start":{"line":29,"column":4},"end":{"line":29,"column":72}},"14":{"start":{"line":31,"column":4},"end":{"line":35,"column":6}},"15":{"start":{"line":32,"column":6},"end":{"line":32,"column":67}},"16":{"start":{"line":33,"column":6},"end":{"line":33,"column":67}},"17":{"start":{"line":34,"column":6},"end":{"line":34,"column":28}},"18":{"start":{"line":38,"column":20},"end":{"line":51,"column":3}},"19":{"start":{"line":39,"column":4},"end":{"line":50,"column":5}},"20":{"start":{"line":40,"column":22},"end":{"line":40,"column":47}},"21":{"start":{"line":41,"column":6},"end":{"line":44,"column":9}},"22":{"start":{"line":46,"column":6},"end":{"line":49,"column":9}},"23":{"start":{"line":53,"column":2},"end":{"line":64,"column":4}}},"fnMap":{"0":{"name":"(anonymous_0)","decl":{"start":{"line":6,"column":20},"end":{"line":6,"column":21}},"loc":{"start":{"line":6,"column":56},"end":{"line":65,"column":1}},"line":6},"1":{"name":"(anonymous_1)","decl":{"start":{"line":16,"column":45},"end":{"line":16,"column":46}},"loc":{"start":{"line":16,"column":51},"end":{"line":22,"column":3}},"line":16},"2":{"name":"(anonymous_2)","decl":{"start":{"line":24,"column":12},"end":{"line":24,"column":13}},"loc":{"start":{"line":24,"column":18},"end":{"line":36,"column":3}},"line":24},"3":{"name":"(anonymous_3)","decl":{"start":{"line":31,"column":11},"end":{"line":31,"column":12}},"loc":{"start":{"line":31,"column":17},"end":{"line":35,"column":5}},"line":31},"4":{"name":"(anonymous_4)","decl":{"start":{"line":38,"column":20},"end":{"line":38,"column":21}},"loc":{"start":{"line":38,"column":26},"end":{"line":51,"column":3}},"line":38}},"branchMap":{"0":{"loc":{"start":{"line":10,"column":4},"end":{"line":11,"column":35}},"type":"binary-expr","locations":[{"start":{"line":10,"column":5},"end":{"line":10,"column":18}},{"start":{"line":10,"column":22},"end":{"line":10,"column":49}},{"start":{"line":11,"column":6},"end":{"line":11,"column":35}}],"line":10},"1":{"loc":{"start":{"line":12,"column":4},"end":{"line":12,"column":37}},"type":"binary-expr","locations":[{"start":{"line":12,"column":4},"end":{"line":12,"column":8}},{"start":{"line":12,"column":12},"end":{"line":12,"column":37}}],"line":12},"2":{"loc":{"start":{"line":17,"column":4},"end":{"line":21,"column":5}},"type":"if","locations":[{"start":{"line":17,"column":4},"end":{"line":21,"column":5}},{"start":{"line":19,"column":11},"end":{"line":21,"column":5}}],"line":17},"3":{"loc":{"start":{"line":17,"column":8},"end":{"line":17,"column":34}},"type":"binary-expr","locations":[{"start":{"line":17,"column":8},"end":{"line":17,"column":15}},{"start":{"line":17,"column":19},"end":{"line":17,"column":34}}],"line":17},"4":{"loc":{"start":{"line":23,"column":22},"end":{"line":23,"column":54}},"type":"cond-expr","locations":[{"start":{"line":23,"column":44},"end":{"line":23,"column":46}},{"start":{"line":23,"column":49},"end":{"line":23,"column":54}}],"line":23},"5":{"loc":{"start":{"line":39,"column":4},"end":{"line":50,"column":5}},"type":"if","locations":[{"start":{"line":39,"column":4},"end":{"line":50,"column":5}},{"start":{"line":45,"column":11},"end":{"line":50,"column":5}}],"line":39},"6":{"loc":{"start":{"line":39,"column":8},"end":{"line":39,"column":34}},"type":"binary-expr","locations":[{"start":{"line":39,"column":8},"end":{"line":39,"column":15}},{"start":{"line":39,"column":19},"end":{"line":39,"column":34}}],"line":39},"7":{"loc":{"start":{"line":60,"column":7},"end":{"line":62,"column":45}},"type":"cond-expr","locations":[{"start":{"line":61,"column":10},"end":{"line":61,"column":61}},{"start":{"line":62,"column":10},"end":{"line":62,"column":45}}],"line":60}},"s":{"0":3,"1":22,"2":22,"3":22,"4":22,"5":7,"6":4,"7":3,"8":22,"9":22,"10":15,"11":15,"12":15,"13":15,"14":15,"15":15,"16":15,"17":15,"18":22,"19":2,"20":1,"21":1,"22":1,"23":22},"f":{"0":22,"1":7,"2":15,"3":15,"4":2},"b":{"0":[22,4,18],"1":[22,10],"2":[4,3],"3":[7,4],"4":[2,20],"5":[1,1],"6":[2,1],"7":[11,11]},"_coverageSchema":"1a1c01bbd47fc00a2c39e90264f33305004495a9","hash":"3ccd19835a25ca03b562b56128d6db34b35f9fef"}
,"D:\\MyRepository\\Elecard\\task-1-frontend\\src\\components\\CardView\\CardView.jsx": {"path":"D:\\MyRepository\\Elecard\\task-1-frontend\\src\\components\\CardView\\CardView.jsx","statementMap":{"0":{"start":{"line":14,"column":17},"end":{"line":112,"column":1}},"1":{"start":{"line":15,"column":22},"end":{"line":15,"column":52}},"2":{"start":{"line":16,"column":52},"end":{"line":16,"column":66}},"3":{"start":{"line":17,"column":42},"end":{"line":17,"column":53}},"4":{"start":{"line":18,"column":40},"end":{"line":18,"column":51}},"5":{"start":{"line":19,"column":36},"end":{"line":21,"column":3}},"6":{"start":{"line":22,"column":38},"end":{"line":22,"column":57}},"7":{"start":{"line":23,"column":42},"end":{"line":23,"column":61}},"8":{"start":{"line":24,"column":19},"end":{"line":24,"column":32}},"9":{"start":{"line":25,"column":22},"end":{"line":28,"column":3}},"10":{"start":{"line":26,"column":4},"end":{"line":26,"column":25}},"11":{"start":{"line":27,"column":4},"end":{"line":27,"column":55}},"12":{"start":{"line":29,"column":24},"end":{"line":32,"column":3}},"13":{"start":{"line":30,"column":4},"end":{"line":30,"column":27}},"14":{"start":{"line":31,"column":4},"end":{"line":31,"column":53}},"15":{"start":{"line":33,"column":23},"end":{"line":36,"column":3}},"16":{"start":{"line":34,"column":4},"end":{"line":34,"column":35}},"17":{"start":{"line":35,"column":4},"end":{"line":35,"column":60}},"18":{"start":{"line":37,"column":22},"end":{"line":42,"column":3}},"19":{"start":{"line":38,"column":4},"end":{"line":38,"column":45}},"20":{"start":{"line":39,"column":4},"end":{"line":39,"column":31}},"21":{"start":{"line":40,"column":4},"end":{"line":40,"column":29}},"22":{"start":{"line":41,"column":4},"end":{"line":41,"column":60}},"23":{"start":{"line":44,"column":19},"end":{"line":52,"column":3}},"24":{"start":{"line":46,"column":4},"end":{"line":51,"column":6}},"25":{"start":{"line":47,"column":6},"end":{"line":47,"column":30}},"26":{"start":{"line":48,"column":6},"end":{"line":50,"column":16}},"27":{"start":{"line":49,"column":8},"end":{"line":49,"column":31}},"28":{"start":{"line":53,"column":38},"end":{"line":55,"column":9}},"29":{"start":{"line":54,"column":4},"end":{"line":54,"column":27}},"30":{"start":{"line":56,"column":2},"end":{"line":61,"column":20}},"31":{"start":{"line":57,"column":30},"end":{"line":59,"column":13}},"32":{"start":{"line":60,"column":4},"end":{"line":60,"column":45}},"33":{"start":{"line":62,"column":2},"end":{"line":64,"column":9}},"34":{"start":{"line":63,"column":4},"end":{"line":63,"column":22}},"35":{"start":{"line":65,"column":2},"end":{"line":71,"column":58}},"36":{"start":{"line":66,"column":4},"end":{"line":69,"column":5}},"37":{"start":{"line":66,"column":25},"end":{"line":66,"column":43}},"38":{"start":{"line":68,"column":6},"end":{"line":68,"column":55}},"39":{"start":{"line":70,"column":4},"end":{"line":70,"column":57}},"40":{"start":{"line":72,"column":2},"end":{"line":111,"column":4}},"41":{"start":{"line":105,"column":10},"end":{"line":105,"column":31}}},"fnMap":{"0":{"name":"(anonymous_0)","decl":{"start":{"line":14,"column":17},"end":{"line":14,"column":18}},"loc":{"start":{"line":14,"column":34},"end":{"line":112,"column":1}},"line":14},"1":{"name":"(anonymous_1)","decl":{"start":{"line":25,"column":22},"end":{"line":25,"column":23}},"loc":{"start":{"line":25,"column":33},"end":{"line":28,"column":3}},"line":25},"2":{"name":"(anonymous_2)","decl":{"start":{"line":29,"column":24},"end":{"line":29,"column":25}},"loc":{"start":{"line":29,"column":35},"end":{"line":32,"column":3}},"line":29},"3":{"name":"(anonymous_3)","decl":{"start":{"line":33,"column":23},"end":{"line":33,"column":24}},"loc":{"start":{"line":33,"column":34},"end":{"line":36,"column":3}},"line":33},"4":{"name":"(anonymous_4)","decl":{"start":{"line":37,"column":22},"end":{"line":37,"column":23}},"loc":{"start":{"line":37,"column":28},"end":{"line":42,"column":3}},"line":37},"5":{"name":"(anonymous_5)","decl":{"start":{"line":44,"column":19},"end":{"line":44,"column":20}},"loc":{"start":{"line":44,"column":36},"end":{"line":52,"column":3}},"line":44},"6":{"name":"(anonymous_6)","decl":{"start":{"line":46,"column":11},"end":{"line":46,"column":12}},"loc":{"start":{"line":46,"column":24},"end":{"line":51,"column":5}},"line":46},"7":{"name":"(anonymous_7)","decl":{"start":{"line":48,"column":29},"end":{"line":48,"column":30}},"loc":{"start":{"line":48,"column":35},"end":{"line":50,"column":7}},"line":48},"8":{"name":"(anonymous_8)","decl":{"start":{"line":53,"column":47},"end":{"line":53,"column":48}},"loc":{"start":{"line":53,"column":58},"end":{"line":55,"column":3}},"line":53},"9":{"name":"(anonymous_9)","decl":{"start":{"line":56,"column":12},"end":{"line":56,"column":13}},"loc":{"start":{"line":56,"column":18},"end":{"line":61,"column":3}},"line":56},"10":{"name":"(anonymous_10)","decl":{"start":{"line":62,"column":12},"end":{"line":62,"column":13}},"loc":{"start":{"line":62,"column":18},"end":{"line":64,"column":3}},"line":62},"11":{"name":"(anonymous_11)","decl":{"start":{"line":65,"column":12},"end":{"line":65,"column":13}},"loc":{"start":{"line":65,"column":18},"end":{"line":71,"column":3}},"line":65},"12":{"name":"(anonymous_12)","decl":{"start":{"line":104,"column":18},"end":{"line":104,"column":19}},"loc":{"start":{"line":104,"column":35},"end":{"line":106,"column":9}},"line":104}},"branchMap":{"0":{"loc":{"start":{"line":57,"column":30},"end":{"line":59,"column":13}},"type":"cond-expr","locations":[{"start":{"line":58,"column":8},"end":{"line":58,"column":12}},{"start":{"line":59,"column":8},"end":{"line":59,"column":13}}],"line":57},"1":{"loc":{"start":{"line":66,"column":4},"end":{"line":69,"column":5}},"type":"if","locations":[{"start":{"line":66,"column":4},"end":{"line":69,"column":5}},{"start":{"line":67,"column":9},"end":{"line":69,"column":5}}],"line":66},"2":{"loc":{"start":{"line":75,"column":9},"end":{"line":86,"column":9}},"type":"binary-expr","locations":[{"start":{"line":75,"column":9},"end":{"line":75,"column":24}},{"start":{"line":75,"column":28},"end":{"line":75,"column":35}},{"start":{"line":76,"column":10},"end":{"line":85,"column":12}}],"line":75},"3":{"loc":{"start":{"line":89,"column":7},"end":{"line":96,"column":7}},"type":"binary-expr","locations":[{"start":{"line":89,"column":7},"end":{"line":89,"column":25}},{"start":{"line":90,"column":8},"end":{"line":95,"column":14}}],"line":89}},"s":{"0":1,"1":15,"2":15,"3":15,"4":15,"5":15,"6":15,"7":15,"8":15,"9":15,"10":2,"11":2,"12":15,"13":2,"14":2,"15":15,"16":2,"17":2,"18":15,"19":2,"20":2,"21":2,"22":2,"23":15,"24":15,"25":2,"26":2,"27":2,"28":15,"29":2,"30":15,"31":6,"32":6,"33":15,"34":6,"35":15,"36":10,"37":1,"38":9,"39":10,"40":15,"41":1},"f":{"0":15,"1":2,"2":2,"3":2,"4":2,"5":15,"6":2,"7":2,"8":2,"9":6,"10":6,"11":10,"12":1},"b":{"0":[1,5],"1":[1,9],"2":[15,14,13],"3":[15,1]},"_coverageSchema":"1a1c01bbd47fc00a2c39e90264f33305004495a9","hash":"8f0c41fb47519716ba6a98a7e6aec6c318f2f177"}
,"D:\\MyRepository\\Elecard\\task-1-frontend\\src\\components\\CardView\\Card\\Card.jsx": {"path":"D:\\MyRepository\\Elecard\\task-1-frontend\\src\\components\\CardView\\Card\\Card.jsx","statementMap":{"0":{"start":{"line":11,"column":13},"end":{"line":87,"column":1}},"1":{"start":{"line":12,"column":40},"end":{"line":12,"column":54}},"2":{"start":{"line":13,"column":42},"end":{"line":13,"column":57}},"3":{"start":{"line":14,"column":19},"end":{"line":14,"column":32}},"4":{"start":{"line":15,"column":34},"end":{"line":15,"column":71}},"5":{"start":{"line":16,"column":55},"end":{"line":24,"column":7}},"6":{"start":{"line":25,"column":18},"end":{"line":25,"column":26}},"7":{"start":{"line":27,"column":23},"end":{"line":33,"column":3}},"8":{"start":{"line":28,"column":4},"end":{"line":28,"column":26}},"9":{"start":{"line":29,"column":4},"end":{"line":29,"column":24}},"10":{"start":{"line":30,"column":4},"end":{"line":32,"column":12}},"11":{"start":{"line":31,"column":6},"end":{"line":31,"column":33}},"12":{"start":{"line":35,"column":15},"end":{"line":35,"column":55}},"13":{"start":{"line":36,"column":15},"end":{"line":36,"column":52}},"14":{"start":{"line":37,"column":20},"end":{"line":37,"column":73}},"15":{"start":{"line":38,"column":23},"end":{"line":38,"column":76}},"16":{"start":{"line":39,"column":25},"end":{"line":42,"column":3}},"17":{"start":{"line":44,"column":2},"end":{"line":86,"column":4}},"18":{"start":{"line":50,"column":25},"end":{"line":50,"column":57}},"19":{"start":{"line":50,"column":51},"end":{"line":50,"column":56}},"20":{"start":{"line":75,"column":24},"end":{"line":75,"column":39}}},"fnMap":{"0":{"name":"(anonymous_0)","decl":{"start":{"line":11,"column":13},"end":{"line":11,"column":14}},"loc":{"start":{"line":11,"column":31},"end":{"line":87,"column":1}},"line":11},"1":{"name":"(anonymous_1)","decl":{"start":{"line":27,"column":23},"end":{"line":27,"column":24}},"loc":{"start":{"line":27,"column":30},"end":{"line":33,"column":3}},"line":27},"2":{"name":"(anonymous_2)","decl":{"start":{"line":30,"column":15},"end":{"line":30,"column":16}},"loc":{"start":{"line":30,"column":21},"end":{"line":32,"column":5}},"line":30},"3":{"name":"(anonymous_3)","decl":{"start":{"line":50,"column":19},"end":{"line":50,"column":20}},"loc":{"start":{"line":50,"column":25},"end":{"line":50,"column":57}},"line":50},"4":{"name":"(anonymous_4)","decl":{"start":{"line":50,"column":41},"end":{"line":50,"column":42}},"loc":{"start":{"line":50,"column":51},"end":{"line":50,"column":56}},"line":50},"5":{"name":"(anonymous_5)","decl":{"start":{"line":75,"column":17},"end":{"line":75,"column":18}},"loc":{"start":{"line":75,"column":24},"end":{"line":75,"column":39}},"line":75}},"branchMap":{"0":{"loc":{"start":{"line":16,"column":55},"end":{"line":24,"column":7}},"type":"cond-expr","locations":[{"start":{"line":17,"column":6},"end":{"line":17,"column":14}},{"start":{"line":18,"column":6},"end":{"line":24,"column":7}}],"line":16},"1":{"loc":{"start":{"line":37,"column":38},"end":{"line":37,"column":72}},"type":"binary-expr","locations":[{"start":{"line":37,"column":38},"end":{"line":37,"column":49}},{"start":{"line":37,"column":53},"end":{"line":37,"column":72}}],"line":37},"2":{"loc":{"start":{"line":83,"column":9},"end":{"line":83,"column":73}},"type":"binary-expr","locations":[{"start":{"line":83,"column":9},"end":{"line":83,"column":21}},{"start":{"line":83,"column":25},"end":{"line":83,"column":73}}],"line":83}},"s":{"0":1,"1":7,"2":7,"3":7,"4":7,"5":7,"6":7,"7":7,"8":1,"9":1,"10":1,"11":1,"12":7,"13":7,"14":7,"15":7,"16":7,"17":7,"18":1,"19":1,"20":1},"f":{"0":7,"1":1,"2":1,"3":1,"4":1,"5":1},"b":{"0":[6,1],"1":[7,1],"2":[7,1]},"_coverageSchema":"1a1c01bbd47fc00a2c39e90264f33305004495a9","hash":"9cd09c1e818376292002540590e697b9b4e9d397"}
,"D:\\MyRepository\\Elecard\\task-1-frontend\\src\\components\\CardView\\Page\\Page.jsx": {"path":"D:\\MyRepository\\Elecard\\task-1-frontend\\src\\components\\CardView\\Page\\Page.jsx","statementMap":{"0":{"start":{"line":6,"column":13},"end":{"line":19,"column":1}},"1":{"start":{"line":7,"column":21},"end":{"line":7,"column":50}},"2":{"start":{"line":8,"column":19},"end":{"line":8,"column":44}},"3":{"start":{"line":9,"column":23},"end":{"line":9,"column":63}},"4":{"start":{"line":10,"column":16},"end":{"line":10,"column":41}},"5":{"start":{"line":11,"column":2},"end":{"line":18,"column":4}},"6":{"start":{"line":15,"column":10},"end":{"line":15,"column":63}}},"fnMap":{"0":{"name":"(anonymous_0)","decl":{"start":{"line":6,"column":13},"end":{"line":6,"column":14}},"loc":{"start":{"line":6,"column":45},"end":{"line":19,"column":1}},"line":6},"1":{"name":"(anonymous_1)","decl":{"start":{"line":14,"column":18},"end":{"line":14,"column":19}},"loc":{"start":{"line":15,"column":10},"end":{"line":15,"column":63}},"line":15}},"branchMap":{"0":{"loc":{"start":{"line":13,"column":7},"end":{"line":16,"column":10}},"type":"binary-expr","locations":[{"start":{"line":13,"column":7},"end":{"line":13,"column":23}},{"start":{"line":14,"column":8},"end":{"line":16,"column":10}}],"line":13}},"s":{"0":1,"1":2,"2":2,"3":2,"4":2,"5":2,"6":5},"f":{"0":2,"1":5},"b":{"0":[2,1]},"_coverageSchema":"1a1c01bbd47fc00a2c39e90264f33305004495a9","hash":"5bc1d2412184f533b982d0d21630455f933b5369"}
,"D:\\MyRepository\\Elecard\\task-1-frontend\\src\\components\\Content\\Content.jsx": {"path":"D:\\MyRepository\\Elecard\\task-1-frontend\\src\\components\\Content\\Content.jsx","statementMap":{"0":{"start":{"line":9,"column":16},"end":{"line":29,"column":1}},"1":{"start":{"line":10,"column":26},"end":{"line":10,"column":43}},"2":{"start":{"line":11,"column":36},"end":{"line":11,"column":51}},"3":{"start":{"line":12,"column":19},"end":{"line":12,"column":32}},"4":{"start":{"line":13,"column":17},"end":{"line":13,"column":42}},"5":{"start":{"line":14,"column":2},"end":{"line":17,"column":15}},"6":{"start":{"line":15,"column":4},"end":{"line":15,"column":23}},"7":{"start":{"line":16,"column":4},"end":{"line":16,"column":48}},"8":{"start":{"line":16,"column":21},"end":{"line":16,"column":40}},"9":{"start":{"line":18,"column":2},"end":{"line":20,"column":17}},"10":{"start":{"line":19,"column":4},"end":{"line":19,"column":32}},"11":{"start":{"line":22,"column":2},"end":{"line":28,"column":4}}},"fnMap":{"0":{"name":"(anonymous_0)","decl":{"start":{"line":9,"column":16},"end":{"line":9,"column":17}},"loc":{"start":{"line":9,"column":22},"end":{"line":29,"column":1}},"line":9},"1":{"name":"(anonymous_1)","decl":{"start":{"line":14,"column":12},"end":{"line":14,"column":13}},"loc":{"start":{"line":14,"column":18},"end":{"line":17,"column":3}},"line":14},"2":{"name":"(anonymous_2)","decl":{"start":{"line":16,"column":15},"end":{"line":16,"column":16}},"loc":{"start":{"line":16,"column":21},"end":{"line":16,"column":40}},"line":16},"3":{"name":"(anonymous_3)","decl":{"start":{"line":18,"column":12},"end":{"line":18,"column":13}},"loc":{"start":{"line":18,"column":18},"end":{"line":20,"column":3}},"line":18}},"branchMap":{"0":{"loc":{"start":{"line":24,"column":7},"end":{"line":24,"column":45}},"type":"binary-expr","locations":[{"start":{"line":24,"column":7},"end":{"line":24,"column":16}},{"start":{"line":24,"column":20},"end":{"line":24,"column":45}}],"line":24},"1":{"loc":{"start":{"line":25,"column":7},"end":{"line":25,"column":57}},"type":"binary-expr","locations":[{"start":{"line":25,"column":7},"end":{"line":25,"column":23}},{"start":{"line":25,"column":27},"end":{"line":25,"column":57}}],"line":25},"2":{"loc":{"start":{"line":26,"column":7},"end":{"line":26,"column":56}},"type":"binary-expr","locations":[{"start":{"line":26,"column":7},"end":{"line":26,"column":22}},{"start":{"line":26,"column":26},"end":{"line":26,"column":56}}],"line":26}},"s":{"0":1,"1":8,"2":8,"3":8,"4":8,"5":8,"6":3,"7":3,"8":1,"9":8,"10":8,"11":8},"f":{"0":8,"1":3,"2":1,"3":8},"b":{"0":[8,4],"1":[8,7],"2":[8,1]},"_coverageSchema":"1a1c01bbd47fc00a2c39e90264f33305004495a9","hash":"939b25b73956c18c158a41d7f2fe18b12fb6c89a"}
,"D:\\MyRepository\\Elecard\\task-1-frontend\\src\\components\\Footer\\Footer.jsx": {"path":"D:\\MyRepository\\Elecard\\task-1-frontend\\src\\components\\Footer\\Footer.jsx","statementMap":{"0":{"start":{"line":4,"column":15},"end":{"line":13,"column":1}},"1":{"start":{"line":5,"column":36},"end":{"line":5,"column":75}},"2":{"start":{"line":6,"column":2},"end":{"line":12,"column":4}}},"fnMap":{"0":{"name":"(anonymous_0)","decl":{"start":{"line":4,"column":15},"end":{"line":4,"column":16}},"loc":{"start":{"line":4,"column":21},"end":{"line":13,"column":1}},"line":4}},"branchMap":{},"s":{"0":1,"1":2,"2":2},"f":{"0":2},"b":{},"_coverageSchema":"1a1c01bbd47fc00a2c39e90264f33305004495a9","hash":"9a80ea5df81bdf7e8ac48d24b292379dfe98cbae"}
,"D:\\MyRepository\\Elecard\\task-1-frontend\\src\\components\\Header\\Header.jsx": {"path":"D:\\MyRepository\\Elecard\\task-1-frontend\\src\\components\\Header\\Header.jsx","statementMap":{"0":{"start":{"line":6,"column":15},"end":{"line":20,"column":1}},"1":{"start":{"line":7,"column":36},"end":{"line":7,"column":75}},"2":{"start":{"line":8,"column":2},"end":{"line":19,"column":4}}},"fnMap":{"0":{"name":"(anonymous_0)","decl":{"start":{"line":6,"column":15},"end":{"line":6,"column":16}},"loc":{"start":{"line":6,"column":21},"end":{"line":20,"column":1}},"line":6}},"branchMap":{},"s":{"0":1,"1":2,"2":2},"f":{"0":2},"b":{},"_coverageSchema":"1a1c01bbd47fc00a2c39e90264f33305004495a9","hash":"165633240c2b22385aaec357217941d14dfee840"}
,"D:\\MyRepository\\Elecard\\task-1-frontend\\src\\components\\Header\\Buttons\\Buttons.jsx": {"path":"D:\\MyRepository\\Elecard\\task-1-frontend\\src\\components\\Header\\Buttons\\Buttons.jsx","statementMap":{"0":{"start":{"line":11,"column":16},"end":{"line":78,"column":1}},"1":{"start":{"line":12,"column":31},"end":{"line":12,"column":58}},"2":{"start":{"line":13,"column":36},"end":{"line":15,"column":3}},"3":{"start":{"line":16,"column":23},"end":{"line":20,"column":3}},"4":{"start":{"line":17,"column":4},"end":{"line":17,"column":60}},"5":{"start":{"line":18,"column":4},"end":{"line":18,"column":50}},"6":{"start":{"line":19,"column":4},"end":{"line":19,"column":34}},"7":{"start":{"line":19,"column":27},"end":{"line":19,"column":32}},"8":{"start":{"line":21,"column":36},"end":{"line":21,"column":46}},"9":{"start":{"line":22,"column":24},"end":{"line":24,"column":3}},"10":{"start":{"line":23,"column":4},"end":{"line":23,"column":21}},"11":{"start":{"line":26,"column":35},"end":{"line":34,"column":3}},"12":{"start":{"line":27,"column":4},"end":{"line":33,"column":5}},"13":{"start":{"line":28,"column":6},"end":{"line":28,"column":52}},"14":{"start":{"line":29,"column":6},"end":{"line":29,"column":41}},"15":{"start":{"line":30,"column":11},"end":{"line":33,"column":5}},"16":{"start":{"line":31,"column":6},"end":{"line":31,"column":52}},"17":{"start":{"line":32,"column":6},"end":{"line":32,"column":41}},"18":{"start":{"line":36,"column":2},"end":{"line":42,"column":5}},"19":{"start":{"line":37,"column":4},"end":{"line":41,"column":7}},"20":{"start":{"line":38,"column":6},"end":{"line":40,"column":33}},"21":{"start":{"line":39,"column":8},"end":{"line":39,"column":27}},"22":{"start":{"line":40,"column":13},"end":{"line":40,"column":33}},"23":{"start":{"line":43,"column":2},"end":{"line":77,"column":4}}},"fnMap":{"0":{"name":"(anonymous_0)","decl":{"start":{"line":11,"column":16},"end":{"line":11,"column":17}},"loc":{"start":{"line":11,"column":22},"end":{"line":78,"column":1}},"line":11},"1":{"name":"(anonymous_1)","decl":{"start":{"line":16,"column":23},"end":{"line":16,"column":24}},"loc":{"start":{"line":16,"column":29},"end":{"line":20,"column":3}},"line":16},"2":{"name":"(anonymous_2)","decl":{"start":{"line":19,"column":17},"end":{"line":19,"column":18}},"loc":{"start":{"line":19,"column":27},"end":{"line":19,"column":32}},"line":19},"3":{"name":"(anonymous_3)","decl":{"start":{"line":22,"column":24},"end":{"line":22,"column":25}},"loc":{"start":{"line":22,"column":30},"end":{"line":24,"column":3}},"line":22},"4":{"name":"(anonymous_4)","decl":{"start":{"line":26,"column":35},"end":{"line":26,"column":36}},"loc":{"start":{"line":26,"column":41},"end":{"line":34,"column":3}},"line":26},"5":{"name":"(anonymous_5)","decl":{"start":{"line":36,"column":12},"end":{"line":36,"column":13}},"loc":{"start":{"line":36,"column":18},"end":{"line":42,"column":3}},"line":36},"6":{"name":"(anonymous_6)","decl":{"start":{"line":37,"column":29},"end":{"line":37,"column":30}},"loc":{"start":{"line":37,"column":39},"end":{"line":41,"column":5}},"line":37}},"branchMap":{"0":{"loc":{"start":{"line":14,"column":4},"end":{"line":14,"column":71}},"type":"cond-expr","locations":[{"start":{"line":14,"column":29},"end":{"line":14,"column":63}},{"start":{"line":14,"column":66},"end":{"line":14,"column":71}}],"line":14},"1":{"loc":{"start":{"line":27,"column":4},"end":{"line":33,"column":5}},"type":"if","locations":[{"start":{"line":27,"column":4},"end":{"line":33,"column":5}},{"start":{"line":30,"column":11},"end":{"line":33,"column":5}}],"line":27},"2":{"loc":{"start":{"line":30,"column":11},"end":{"line":33,"column":5}},"type":"if","locations":[{"start":{"line":30,"column":11},"end":{"line":33,"column":5}},{"start":{},"end":{}}],"line":30},"3":{"loc":{"start":{"line":38,"column":6},"end":{"line":40,"column":33}},"type":"if","locations":[{"start":{"line":38,"column":6},"end":{"line":40,"column":33}},{"start":{"line":40,"column":13},"end":{"line":40,"column":33}}],"line":38},"4":{"loc":{"start":{"line":45,"column":7},"end":{"line":56,"column":7}},"type":"binary-expr","locations":[{"start":{"line":45,"column":7},"end":{"line":45,"column":16}},{"start":{"line":46,"column":8},"end":{"line":55,"column":11}}],"line":45},"5":{"loc":{"start":{"line":62,"column":9},"end":{"line":67,"column":63}},"type":"binary-expr","locations":[{"start":{"line":62,"column":10},"end":{"line":62,"column":19}},{"start":{"line":63,"column":10},"end":{"line":66,"column":12}},{"start":{"line":67,"column":14},"end":{"line":67,"column":63}}],"line":62}},"s":{"0":1,"1":13,"2":13,"3":13,"4":1,"5":1,"6":1,"7":1,"8":13,"9":13,"10":1,"11":13,"12":2,"13":1,"14":1,"15":1,"16":1,"17":1,"18":13,"19":11,"20":4,"21":2,"22":2,"23":13},"f":{"0":13,"1":1,"2":1,"3":1,"4":2,"5":11,"6":4},"b":{"0":[11,2],"1":[1,1],"2":[1,0],"3":[2,2],"4":[13,2],"5":[13,11,2]},"_coverageSchema":"1a1c01bbd47fc00a2c39e90264f33305004495a9","hash":"d43f85454708c61cb6d2f1f6fe259fccbd7e6cf2"}
,"D:\\MyRepository\\Elecard\\task-1-frontend\\src\\components\\Header\\Buttons\\UserProfile\\UserProfile.jsx": {"path":"D:\\MyRepository\\Elecard\\task-1-frontend\\src\\components\\Header\\Buttons\\UserProfile\\UserProfile.jsx","statementMap":{"0":{"start":{"line":9,"column":20},"end":{"line":109,"column":1}},"1":{"start":{"line":10,"column":26},"end":{"line":10,"column":76}},"2":{"start":{"line":11,"column":26},"end":{"line":11,"column":36}},"3":{"start":{"line":12,"column":40},"end":{"line":12,"column":50}},"4":{"start":{"line":13,"column":34},"end":{"line":13,"column":49}},"5":{"start":{"line":14,"column":36},"end":{"line":14,"column":51}},"6":{"start":{"line":15,"column":42},"end":{"line":15,"column":57}},"7":{"start":{"line":16,"column":42},"end":{"line":16,"column":56}},"8":{"start":{"line":18,"column":27},"end":{"line":38,"column":3}},"9":{"start":{"line":19,"column":4},"end":{"line":27,"column":5}},"10":{"start":{"line":20,"column":6},"end":{"line":20,"column":58}},"11":{"start":{"line":20,"column":25},"end":{"line":20,"column":55}},"12":{"start":{"line":21,"column":6},"end":{"line":21,"column":35}},"13":{"start":{"line":22,"column":6},"end":{"line":22,"column":25}},"14":{"start":{"line":23,"column":6},"end":{"line":23,"column":29}},"15":{"start":{"line":25,"column":6},"end":{"line":25,"column":38}},"16":{"start":{"line":26,"column":6},"end":{"line":26,"column":25}},"17":{"start":{"line":29,"column":4},"end":{"line":31,"column":5}},"18":{"start":{"line":30,"column":6},"end":{"line":30,"column":33}},"19":{"start":{"line":32,"column":23},"end":{"line":35,"column":12}},"20":{"start":{"line":33,"column":6},"end":{"line":33,"column":26}},"21":{"start":{"line":34,"column":6},"end":{"line":34,"column":28}},"22":{"start":{"line":37,"column":4},"end":{"line":37,"column":32}},"23":{"start":{"line":40,"column":2},"end":{"line":58,"column":9}},"24":{"start":{"line":41,"column":22},"end":{"line":48,"column":5}},"25":{"start":{"line":42,"column":6},"end":{"line":47,"column":7}},"26":{"start":{"line":43,"column":25},"end":{"line":43,"column":47}},"27":{"start":{"line":44,"column":8},"end":{"line":44,"column":26}},"28":{"start":{"line":46,"column":8},"end":{"line":46,"column":48}},"29":{"start":{"line":49,"column":4},"end":{"line":51,"column":7}},"30":{"start":{"line":50,"column":6},"end":{"line":50,"column":25}},"31":{"start":{"line":52,"column":4},"end":{"line":52,"column":16}},"32":{"start":{"line":53,"column":4},"end":{"line":57,"column":6}},"33":{"start":{"line":54,"column":6},"end":{"line":56,"column":9}},"34":{"start":{"line":55,"column":8},"end":{"line":55,"column":27}},"35":{"start":{"line":59,"column":2},"end":{"line":61,"column":3}},"36":{"start":{"line":60,"column":4},"end":{"line":60,"column":26}},"37":{"start":{"line":62,"column":2},"end":{"line":108,"column":4}},"38":{"start":{"line":69,"column":10},"end":{"line":69,"column":39}},"39":{"start":{"line":69,"column":32},"end":{"line":69,"column":37}},"40":{"start":{"line":70,"column":10},"end":{"line":70,"column":30}},"41":{"start":{"line":89,"column":18},"end":{"line":89,"column":37}},"42":{"start":{"line":90,"column":18},"end":{"line":90,"column":40}},"43":{"start":{"line":91,"column":18},"end":{"line":91,"column":38}}},"fnMap":{"0":{"name":"(anonymous_0)","decl":{"start":{"line":9,"column":20},"end":{"line":9,"column":21}},"loc":{"start":{"line":9,"column":26},"end":{"line":109,"column":1}},"line":9},"1":{"name":"(anonymous_1)","decl":{"start":{"line":18,"column":27},"end":{"line":18,"column":28}},"loc":{"start":{"line":18,"column":48},"end":{"line":38,"column":3}},"line":18},"2":{"name":"(anonymous_2)","decl":{"start":{"line":20,"column":14},"end":{"line":20,"column":15}},"loc":{"start":{"line":20,"column":25},"end":{"line":20,"column":55}},"line":20},"3":{"name":"(anonymous_3)","decl":{"start":{"line":32,"column":34},"end":{"line":32,"column":35}},"loc":{"start":{"line":32,"column":40},"end":{"line":35,"column":5}},"line":32},"4":{"name":"(anonymous_4)","decl":{"start":{"line":40,"column":12},"end":{"line":40,"column":13}},"loc":{"start":{"line":40,"column":18},"end":{"line":58,"column":3}},"line":40},"5":{"name":"(anonymous_5)","decl":{"start":{"line":41,"column":22},"end":{"line":41,"column":23}},"loc":{"start":{"line":41,"column":34},"end":{"line":48,"column":5}},"line":41},"6":{"name":"(anonymous_6)","decl":{"start":{"line":49,"column":39},"end":{"line":49,"column":40}},"loc":{"start":{"line":49,"column":45},"end":{"line":51,"column":5}},"line":49},"7":{"name":"(anonymous_7)","decl":{"start":{"line":53,"column":11},"end":{"line":53,"column":12}},"loc":{"start":{"line":53,"column":17},"end":{"line":57,"column":5}},"line":53},"8":{"name":"(anonymous_8)","decl":{"start":{"line":54,"column":44},"end":{"line":54,"column":45}},"loc":{"start":{"line":54,"column":50},"end":{"line":56,"column":7}},"line":54},"9":{"name":"(anonymous_9)","decl":{"start":{"line":68,"column":17},"end":{"line":68,"column":18}},"loc":{"start":{"line":68,"column":24},"end":{"line":71,"column":9}},"line":68},"10":{"name":"(anonymous_10)","decl":{"start":{"line":69,"column":22},"end":{"line":69,"column":23}},"loc":{"start":{"line":69,"column":32},"end":{"line":69,"column":37}},"line":69},"11":{"name":"(anonymous_11)","decl":{"start":{"line":88,"column":25},"end":{"line":88,"column":26}},"loc":{"start":{"line":88,"column":32},"end":{"line":92,"column":17}},"line":88}},"branchMap":{"0":{"loc":{"start":{"line":19,"column":4},"end":{"line":27,"column":5}},"type":"if","locations":[{"start":{"line":19,"column":4},"end":{"line":27,"column":5}},{"start":{"line":24,"column":11},"end":{"line":27,"column":5}}],"line":19},"1":{"loc":{"start":{"line":29,"column":4},"end":{"line":31,"column":5}},"type":"if","locations":[{"start":{"line":29,"column":4},"end":{"line":31,"column":5}},{"start":{},"end":{}}],"line":29},"2":{"loc":{"start":{"line":59,"column":2},"end":{"line":61,"column":3}},"type":"if","locations":[{"start":{"line":59,"column":2},"end":{"line":61,"column":3}},{"start":{},"end":{}}],"line":59},"3":{"loc":{"start":{"line":64,"column":7},"end":{"line":64,"column":50}},"type":"binary-expr","locations":[{"start":{"line":64,"column":7},"end":{"line":64,"column":16}},{"start":{"line":64,"column":20},"end":{"line":64,"column":50}}],"line":64},"4":{"loc":{"start":{"line":74,"column":9},"end":{"line":98,"column":9}},"type":"binary-expr","locations":[{"start":{"line":74,"column":9},"end":{"line":74,"column":17}},{"start":{"line":75,"column":10},"end":{"line":97,"column":16}}],"line":74},"5":{"loc":{"start":{"line":100,"column":7},"end":{"line":106,"column":7}},"type":"binary-expr","locations":[{"start":{"line":100,"column":7},"end":{"line":100,"column":19}},{"start":{"line":101,"column":8},"end":{"line":105,"column":10}}],"line":100}},"s":{"0":1,"1":23,"2":23,"3":23,"4":23,"5":23,"6":23,"7":23,"8":23,"9":3,"10":1,"11":1,"12":1,"13":1,"14":1,"15":2,"16":2,"17":3,"18":1,"19":3,"20":0,"21":0,"22":3,"23":23,"24":7,"25":7,"26":7,"27":6,"28":1,"29":7,"30":24,"31":7,"32":7,"33":7,"34":0,"35":23,"36":7,"37":16,"38":4,"39":4,"40":4,"41":3,"42":3,"43":3},"f":{"0":23,"1":3,"2":1,"3":0,"4":7,"5":7,"6":24,"7":7,"8":0,"9":4,"10":4,"11":3},"b":{"0":[1,2],"1":[1,2],"2":[7,16],"3":[16,3],"4":[16,4],"5":[16,5]},"_coverageSchema":"1a1c01bbd47fc00a2c39e90264f33305004495a9","hash":"d516d09296319b46fd470efb6384744352172c35"}
,"D:\\MyRepository\\Elecard\\task-1-frontend\\src\\components\\Header\\Buttons\\UserProfile\\ProfileEditForm\\ProfileEditForm.jsx": {"path":"D:\\MyRepository\\Elecard\\task-1-frontend\\src\\components\\Header\\Buttons\\UserProfile\\ProfileEditForm\\ProfileEditForm.jsx","statementMap":{"0":{"start":{"line":7,"column":24},"end":{"line":128,"column":1}},"1":{"start":{"line":8,"column":48},"end":{"line":8,"column":57}},"2":{"start":{"line":9,"column":46},"end":{"line":11,"column":3}},"3":{"start":{"line":12,"column":21},"end":{"line":12,"column":30}},"4":{"start":{"line":13,"column":34},"end":{"line":13,"column":71}},"5":{"start":{"line":14,"column":2},"end":{"line":19,"column":5}},"6":{"start":{"line":15,"column":4},"end":{"line":15,"column":44}},"7":{"start":{"line":16,"column":4},"end":{"line":18,"column":6}},"8":{"start":{"line":17,"column":6},"end":{"line":17,"column":45}},"9":{"start":{"line":20,"column":2},"end":{"line":127,"column":4}},"10":{"start":{"line":28,"column":34},"end":{"line":28,"column":36}},"11":{"start":{"line":29,"column":28},"end":{"line":29,"column":33}},"12":{"start":{"line":30,"column":33},"end":{"line":30,"column":38}},"13":{"start":{"line":31,"column":12},"end":{"line":33,"column":15}},"14":{"start":{"line":32,"column":14},"end":{"line":32,"column":60}},"15":{"start":{"line":32,"column":29},"end":{"line":32,"column":60}},"16":{"start":{"line":35,"column":12},"end":{"line":39,"column":13}},"17":{"start":{"line":35,"column":60},"end":{"line":35,"column":77}},"18":{"start":{"line":36,"column":17},"end":{"line":39,"column":13}},"19":{"start":{"line":36,"column":63},"end":{"line":36,"column":80}},"20":{"start":{"line":37,"column":17},"end":{"line":39,"column":13}},"21":{"start":{"line":38,"column":14},"end":{"line":38,"column":58}},"22":{"start":{"line":40,"column":12},"end":{"line":45,"column":13}},"23":{"start":{"line":41,"column":14},"end":{"line":41,"column":60}},"24":{"start":{"line":42,"column":14},"end":{"line":42,"column":39}},"25":{"start":{"line":44,"column":14},"end":{"line":44,"column":38}},"26":{"start":{"line":89,"column":32},"end":{"line":89,"column":66}},"27":{"start":{"line":89,"column":60},"end":{"line":89,"column":65}},"28":{"start":{"line":120,"column":14},"end":{"line":120,"column":31}}},"fnMap":{"0":{"name":"(anonymous_0)","decl":{"start":{"line":7,"column":24},"end":{"line":7,"column":25}},"loc":{"start":{"line":7,"column":63},"end":{"line":128,"column":1}},"line":7},"1":{"name":"(anonymous_1)","decl":{"start":{"line":14,"column":12},"end":{"line":14,"column":13}},"loc":{"start":{"line":14,"column":18},"end":{"line":19,"column":3}},"line":14},"2":{"name":"(anonymous_2)","decl":{"start":{"line":16,"column":11},"end":{"line":16,"column":12}},"loc":{"start":{"line":16,"column":17},"end":{"line":18,"column":5}},"line":16},"3":{"name":"(anonymous_3)","decl":{"start":{"line":27,"column":33},"end":{"line":27,"column":34}},"loc":{"start":{"line":27,"column":43},"end":{"line":46,"column":11}},"line":27},"4":{"name":"(anonymous_4)","decl":{"start":{"line":31,"column":38},"end":{"line":31,"column":39}},"loc":{"start":{"line":31,"column":47},"end":{"line":33,"column":13}},"line":31},"5":{"name":"(anonymous_5)","decl":{"start":{"line":89,"column":26},"end":{"line":89,"column":27}},"loc":{"start":{"line":89,"column":32},"end":{"line":89,"column":66}},"line":89},"6":{"name":"(anonymous_6)","decl":{"start":{"line":89,"column":50},"end":{"line":89,"column":51}},"loc":{"start":{"line":89,"column":60},"end":{"line":89,"column":65}},"line":89},"7":{"name":"(anonymous_7)","decl":{"start":{"line":119,"column":21},"end":{"line":119,"column":22}},"loc":{"start":{"line":119,"column":27},"end":{"line":121,"column":13}},"line":119}},"branchMap":{"0":{"loc":{"start":{"line":10,"column":4},"end":{"line":10,"column":32}},"type":"cond-expr","locations":[{"start":{"line":10,"column":20},"end":{"line":10,"column":24}},{"start":{"line":10,"column":27},"end":{"line":10,"column":32}}],"line":10},"1":{"loc":{"start":{"line":32,"column":14},"end":{"line":32,"column":60}},"type":"if","locations":[{"start":{"line":32,"column":14},"end":{"line":32,"column":60}},{"start":{},"end":{}}],"line":32},"2":{"loc":{"start":{"line":35,"column":12},"end":{"line":39,"column":13}},"type":"if","locations":[{"start":{"line":35,"column":12},"end":{"line":39,"column":13}},{"start":{"line":36,"column":17},"end":{"line":39,"column":13}}],"line":35},"3":{"loc":{"start":{"line":36,"column":17},"end":{"line":39,"column":13}},"type":"if","locations":[{"start":{"line":36,"column":17},"end":{"line":39,"column":13}},{"start":{"line":37,"column":17},"end":{"line":39,"column":13}}],"line":36},"4":{"loc":{"start":{"line":37,"column":17},"end":{"line":39,"column":13}},"type":"if","locations":[{"start":{"line":37,"column":17},"end":{"line":39,"column":13}},{"start":{},"end":{}}],"line":37},"5":{"loc":{"start":{"line":40,"column":12},"end":{"line":45,"column":13}},"type":"if","locations":[{"start":{"line":40,"column":12},"end":{"line":45,"column":13}},{"start":{"line":43,"column":19},"end":{"line":45,"column":13}}],"line":40},"6":{"loc":{"start":{"line":108,"column":13},"end":{"line":108,"column":78}},"type":"binary-expr","locations":[{"start":{"line":108,"column":13},"end":{"line":108,"column":27}},{"start":{"line":108,"column":31},"end":{"line":108,"column":78}}],"line":108}},"s":{"0":1,"1":7,"2":7,"3":7,"4":7,"5":7,"6":7,"7":7,"8":7,"9":7,"10":2,"11":2,"12":2,"13":2,"14":6,"15":5,"16":2,"17":1,"18":1,"19":0,"20":1,"21":0,"22":2,"23":1,"24":1,"25":1,"26":1,"27":1,"28":1},"f":{"0":7,"1":7,"2":7,"3":2,"4":6,"5":1,"6":1,"7":1},"b":{"0":[7,0],"1":[5,1],"2":[1,1],"3":[0,1],"4":[0,1],"5":[1,1],"6":[7,5]},"_coverageSchema":"1a1c01bbd47fc00a2c39e90264f33305004495a9","hash":"5582f8a9bdc249667279aedc1ecd2e628efb8dd7"}
,"D:\\MyRepository\\Elecard\\task-1-frontend\\src\\components\\Modal\\Modal.jsx": {"path":"D:\\MyRepository\\Elecard\\task-1-frontend\\src\\components\\Modal\\Modal.jsx","statementMap":{"0":{"start":{"line":4,"column":14},"end":{"line":41,"column":1}},"1":{"start":{"line":5,"column":2},"end":{"line":17,"column":5}},"2":{"start":{"line":6,"column":27},"end":{"line":10,"column":5}},"3":{"start":{"line":7,"column":6},"end":{"line":9,"column":7}},"4":{"start":{"line":8,"column":8},"end":{"line":8,"column":42}},"5":{"start":{"line":8,"column":24},"end":{"line":8,"column":42}},"6":{"start":{"line":11,"column":4},"end":{"line":11,"column":44}},"7":{"start":{"line":12,"column":4},"end":{"line":12,"column":57}},"8":{"start":{"line":13,"column":4},"end":{"line":16,"column":6}},"9":{"start":{"line":14,"column":6},"end":{"line":14,"column":45}},"10":{"start":{"line":15,"column":6},"end":{"line":15,"column":62}},"11":{"start":{"line":18,"column":23},"end":{"line":21,"column":3}},"12":{"start":{"line":19,"column":4},"end":{"line":19,"column":38}},"13":{"start":{"line":19,"column":20},"end":{"line":19,"column":38}},"14":{"start":{"line":20,"column":4},"end":{"line":20,"column":22}},"15":{"start":{"line":22,"column":2},"end":{"line":40,"column":4}}},"fnMap":{"0":{"name":"(anonymous_0)","decl":{"start":{"line":4,"column":14},"end":{"line":4,"column":15}},"loc":{"start":{"line":4,"column":39},"end":{"line":41,"column":1}},"line":4},"1":{"name":"(anonymous_1)","decl":{"start":{"line":5,"column":12},"end":{"line":5,"column":13}},"loc":{"start":{"line":5,"column":18},"end":{"line":17,"column":3}},"line":5},"2":{"name":"(anonymous_2)","decl":{"start":{"line":6,"column":27},"end":{"line":6,"column":28}},"loc":{"start":{"line":6,"column":34},"end":{"line":10,"column":5}},"line":6},"3":{"name":"(anonymous_3)","decl":{"start":{"line":13,"column":11},"end":{"line":13,"column":12}},"loc":{"start":{"line":13,"column":17},"end":{"line":16,"column":5}},"line":13},"4":{"name":"(anonymous_4)","decl":{"start":{"line":18,"column":23},"end":{"line":18,"column":24}},"loc":{"start":{"line":18,"column":30},"end":{"line":21,"column":3}},"line":18}},"branchMap":{"0":{"loc":{"start":{"line":7,"column":6},"end":{"line":9,"column":7}},"type":"if","locations":[{"start":{"line":7,"column":6},"end":{"line":9,"column":7}},{"start":{},"end":{}}],"line":7},"1":{"loc":{"start":{"line":8,"column":8},"end":{"line":8,"column":42}},"type":"if","locations":[{"start":{"line":8,"column":8},"end":{"line":8,"column":42}},{"start":{},"end":{}}],"line":8},"2":{"loc":{"start":{"line":19,"column":4},"end":{"line":19,"column":38}},"type":"if","locations":[{"start":{"line":19,"column":4},"end":{"line":19,"column":38}},{"start":{},"end":{}}],"line":19},"3":{"loc":{"start":{"line":29,"column":28},"end":{"line":29,"column":62}},"type":"cond-expr","locations":[{"start":{"line":29,"column":34},"end":{"line":29,"column":37}},{"start":{"line":29,"column":40},"end":{"line":29,"column":62}}],"line":29}},"s":{"0":1,"1":9,"2":9,"3":3,"4":2,"5":1,"6":9,"7":9,"8":9,"9":9,"10":9,"11":9,"12":3,"13":1,"14":3,"15":9},"f":{"0":9,"1":9,"2":3,"3":9,"4":3},"b":{"0":[2,1],"1":[1,1],"2":[1,2],"3":[7,2]},"_coverageSchema":"1a1c01bbd47fc00a2c39e90264f33305004495a9","hash":"ee1966d00fb44f218c61de004986940dcf96c93a"}
,"D:\\MyRepository\\Elecard\\task-1-frontend\\src\\components\\ProtectedContent\\ProtectedContent.jsx": {"path":"D:\\MyRepository\\Elecard\\task-1-frontend\\src\\components\\ProtectedContent\\ProtectedContent.jsx","statementMap":{"0":{"start":{"line":8,"column":25},"end":{"line":29,"column":1}},"1":{"start":{"line":9,"column":34},"end":{"line":9,"column":44}},"2":{"start":{"line":10,"column":40},"end":{"line":10,"column":50}},"3":{"start":{"line":11,"column":2},"end":{"line":22,"column":5}},"4":{"start":{"line":12,"column":4},"end":{"line":21,"column":7}},"5":{"start":{"line":13,"column":6},"end":{"line":20,"column":7}},"6":{"start":{"line":14,"column":8},"end":{"line":14,"column":44}},"7":{"start":{"line":15,"column":8},"end":{"line":15,"column":27}},"8":{"start":{"line":16,"column":8},"end":{"line":16,"column":29}},"9":{"start":{"line":18,"column":8},"end":{"line":18,"column":26}},"10":{"start":{"line":19,"column":8},"end":{"line":19,"column":30}},"11":{"start":{"line":23,"column":2},"end":{"line":28,"column":4}}},"fnMap":{"0":{"name":"(anonymous_0)","decl":{"start":{"line":8,"column":25},"end":{"line":8,"column":26}},"loc":{"start":{"line":8,"column":31},"end":{"line":29,"column":1}},"line":8},"1":{"name":"(anonymous_1)","decl":{"start":{"line":11,"column":12},"end":{"line":11,"column":13}},"loc":{"start":{"line":11,"column":18},"end":{"line":22,"column":3}},"line":11},"2":{"name":"(anonymous_2)","decl":{"start":{"line":12,"column":29},"end":{"line":12,"column":30}},"loc":{"start":{"line":12,"column":39},"end":{"line":21,"column":5}},"line":12}},"branchMap":{"0":{"loc":{"start":{"line":13,"column":6},"end":{"line":20,"column":7}},"type":"if","locations":[{"start":{"line":13,"column":6},"end":{"line":20,"column":7}},{"start":{"line":17,"column":13},"end":{"line":20,"column":7}}],"line":13},"1":{"loc":{"start":{"line":25,"column":7},"end":{"line":25,"column":27}},"type":"binary-expr","locations":[{"start":{"line":25,"column":7},"end":{"line":25,"column":15}},{"start":{"line":25,"column":19},"end":{"line":25,"column":27}}],"line":25},"2":{"loc":{"start":{"line":26,"column":7},"end":{"line":26,"column":33}},"type":"binary-expr","locations":[{"start":{"line":26,"column":7},"end":{"line":26,"column":18}},{"start":{"line":26,"column":22},"end":{"line":26,"column":33}}],"line":26}},"s":{"0":1,"1":6,"2":6,"3":6,"4":4,"5":4,"6":2,"7":2,"8":2,"9":2,"10":2,"11":6},"f":{"0":6,"1":4,"2":4},"b":{"0":[2,2],"1":[6,2],"2":[6,2]},"_coverageSchema":"1a1c01bbd47fc00a2c39e90264f33305004495a9","hash":"2260fe330dcb9dd42f769e04f124dab63e6b959b"}
,"D:\\MyRepository\\Elecard\\task-1-frontend\\src\\components\\ProtectedContent\\Form\\Form.jsx": {"path":"D:\\MyRepository\\Elecard\\task-1-frontend\\src\\components\\ProtectedContent\\Form\\Form.jsx","statementMap":{"0":{"start":{"line":7,"column":13},"end":{"line":34,"column":1}},"1":{"start":{"line":8,"column":38},"end":{"line":8,"column":52}},"2":{"start":{"line":10,"column":4},"end":{"line":10,"column":49}},"3":{"start":{"line":11,"column":2},"end":{"line":33,"column":4}},"4":{"start":{"line":18,"column":25},"end":{"line":18,"column":44}},"5":{"start":{"line":26,"column":25},"end":{"line":26,"column":45}}},"fnMap":{"0":{"name":"(anonymous_0)","decl":{"start":{"line":7,"column":13},"end":{"line":7,"column":14}},"loc":{"start":{"line":7,"column":19},"end":{"line":34,"column":1}},"line":7},"1":{"name":"(anonymous_1)","decl":{"start":{"line":18,"column":19},"end":{"line":18,"column":20}},"loc":{"start":{"line":18,"column":25},"end":{"line":18,"column":44}},"line":18},"2":{"name":"(anonymous_2)","decl":{"start":{"line":26,"column":19},"end":{"line":26,"column":20}},"loc":{"start":{"line":26,"column":25},"end":{"line":26,"column":45}},"line":26}},"branchMap":{"0":{"loc":{"start":{"line":16,"column":26},"end":{"line":16,"column":66}},"type":"binary-expr","locations":[{"start":{"line":16,"column":26},"end":{"line":16,"column":36}},{"start":{"line":16,"column":40},"end":{"line":16,"column":66}}],"line":16},"1":{"loc":{"start":{"line":24,"column":26},"end":{"line":24,"column":66}},"type":"binary-expr","locations":[{"start":{"line":24,"column":26},"end":{"line":24,"column":36}},{"start":{"line":24,"column":40},"end":{"line":24,"column":66}}],"line":24},"2":{"loc":{"start":{"line":31,"column":7},"end":{"line":31,"column":55}},"type":"binary-expr","locations":[{"start":{"line":31,"column":8},"end":{"line":31,"column":18}},{"start":{"line":31,"column":22},"end":{"line":31,"column":36}},{"start":{"line":31,"column":41},"end":{"line":31,"column":55}}],"line":31}},"s":{"0":1,"1":4,"2":4,"3":4,"4":1,"5":1},"f":{"0":4,"1":1,"2":1},"b":{"0":[4,3],"1":[4,1],"2":[4,3,1]},"_coverageSchema":"1a1c01bbd47fc00a2c39e90264f33305004495a9","hash":"5360dae56cb0c09ca9d10f388a2598ff560e6f47"}
,"D:\\MyRepository\\Elecard\\task-1-frontend\\src\\components\\ProtectedContent\\Form\\SignInForm\\SignInForm.jsx": {"path":"D:\\MyRepository\\Elecard\\task-1-frontend\\src\\components\\ProtectedContent\\Form\\SignInForm\\SignInForm.jsx","statementMap":{"0":{"start":{"line":7,"column":19},"end":{"line":60,"column":1}},"1":{"start":{"line":8,"column":34},"end":{"line":8,"column":71}},"2":{"start":{"line":9,"column":44},"end":{"line":9,"column":56}},"3":{"start":{"line":10,"column":58},"end":{"line":10,"column":67}},"4":{"start":{"line":11,"column":21},"end":{"line":11,"column":30}},"5":{"start":{"line":12,"column":2},"end":{"line":59,"column":4}},"6":{"start":{"line":16,"column":8},"end":{"line":21,"column":11}},"7":{"start":{"line":17,"column":10},"end":{"line":19,"column":34}},"8":{"start":{"line":18,"column":12},"end":{"line":18,"column":76}},"9":{"start":{"line":19,"column":15},"end":{"line":19,"column":34}},"10":{"start":{"line":20,"column":10},"end":{"line":20,"column":28}}},"fnMap":{"0":{"name":"(anonymous_0)","decl":{"start":{"line":7,"column":19},"end":{"line":7,"column":20}},"loc":{"start":{"line":7,"column":25},"end":{"line":60,"column":1}},"line":7},"1":{"name":"(anonymous_1)","decl":{"start":{"line":15,"column":29},"end":{"line":15,"column":30}},"loc":{"start":{"line":15,"column":45},"end":{"line":22,"column":7}},"line":15},"2":{"name":"(anonymous_2)","decl":{"start":{"line":16,"column":39},"end":{"line":16,"column":40}},"loc":{"start":{"line":16,"column":50},"end":{"line":21,"column":9}},"line":16}},"branchMap":{"0":{"loc":{"start":{"line":17,"column":10},"end":{"line":19,"column":34}},"type":"if","locations":[{"start":{"line":17,"column":10},"end":{"line":19,"column":34}},{"start":{"line":19,"column":15},"end":{"line":19,"column":34}}],"line":17}},"s":{"0":2,"1":8,"2":8,"3":8,"4":8,"5":8,"6":2,"7":2,"8":1,"9":1,"10":2},"f":{"0":8,"1":2,"2":2},"b":{"0":[1,1]},"_coverageSchema":"1a1c01bbd47fc00a2c39e90264f33305004495a9","hash":"3dd4aacc31db74d8831163c7c57c6982bf76d662"}
,"D:\\MyRepository\\Elecard\\task-1-frontend\\src\\components\\ProtectedContent\\Form\\SignUpForm\\SignUpForm.jsx": {"path":"D:\\MyRepository\\Elecard\\task-1-frontend\\src\\components\\ProtectedContent\\Form\\SignUpForm\\SignUpForm.jsx","statementMap":{"0":{"start":{"line":7,"column":19},"end":{"line":148,"column":1}},"1":{"start":{"line":8,"column":62},"end":{"line":8,"column":71}},"2":{"start":{"line":9,"column":21},"end":{"line":9,"column":30}},"3":{"start":{"line":10,"column":46},"end":{"line":10,"column":60}},"4":{"start":{"line":11,"column":44},"end":{"line":11,"column":56}},"5":{"start":{"line":12,"column":34},"end":{"line":12,"column":71}},"6":{"start":{"line":13,"column":24},"end":{"line":16,"column":3}},"7":{"start":{"line":14,"column":4},"end":{"line":15,"column":69}},"8":{"start":{"line":15,"column":6},"end":{"line":15,"column":69}},"9":{"start":{"line":17,"column":2},"end":{"line":19,"column":39}},"10":{"start":{"line":18,"column":4},"end":{"line":18,"column":12}},"11":{"start":{"line":20,"column":2},"end":{"line":147,"column":4}},"12":{"start":{"line":24,"column":22},"end":{"line":24,"column":41}},"13":{"start":{"line":25,"column":8},"end":{"line":29,"column":76}},"14":{"start":{"line":26,"column":10},"end":{"line":29,"column":76}},"15":{"start":{"line":27,"column":12},"end":{"line":27,"column":79}},"16":{"start":{"line":28,"column":15},"end":{"line":29,"column":76}},"17":{"start":{"line":29,"column":12},"end":{"line":29,"column":76}},"18":{"start":{"line":69,"column":26},"end":{"line":69,"column":60}},"19":{"start":{"line":69,"column":54},"end":{"line":69,"column":59}}},"fnMap":{"0":{"name":"(anonymous_0)","decl":{"start":{"line":7,"column":19},"end":{"line":7,"column":20}},"loc":{"start":{"line":7,"column":25},"end":{"line":148,"column":1}},"line":7},"1":{"name":"(anonymous_1)","decl":{"start":{"line":13,"column":24},"end":{"line":13,"column":25}},"loc":{"start":{"line":13,"column":47},"end":{"line":16,"column":3}},"line":13},"2":{"name":"(anonymous_2)","decl":{"start":{"line":17,"column":12},"end":{"line":17,"column":13}},"loc":{"start":{"line":17,"column":18},"end":{"line":19,"column":3}},"line":17},"3":{"name":"(anonymous_3)","decl":{"start":{"line":23,"column":29},"end":{"line":23,"column":30}},"loc":{"start":{"line":23,"column":39},"end":{"line":30,"column":7}},"line":23},"4":{"name":"(anonymous_4)","decl":{"start":{"line":69,"column":20},"end":{"line":69,"column":21}},"loc":{"start":{"line":69,"column":26},"end":{"line":69,"column":60}},"line":69},"5":{"name":"(anonymous_5)","decl":{"start":{"line":69,"column":44},"end":{"line":69,"column":45}},"loc":{"start":{"line":69,"column":54},"end":{"line":69,"column":59}},"line":69}},"branchMap":{"0":{"loc":{"start":{"line":14,"column":4},"end":{"line":15,"column":69}},"type":"if","locations":[{"start":{"line":14,"column":4},"end":{"line":15,"column":69}},{"start":{},"end":{}}],"line":14},"1":{"loc":{"start":{"line":25,"column":8},"end":{"line":29,"column":76}},"type":"if","locations":[{"start":{"line":25,"column":8},"end":{"line":29,"column":76}},{"start":{},"end":{}}],"line":25},"2":{"loc":{"start":{"line":26,"column":10},"end":{"line":29,"column":76}},"type":"if","locations":[{"start":{"line":26,"column":10},"end":{"line":29,"column":76}},{"start":{"line":28,"column":15},"end":{"line":29,"column":76}}],"line":26},"3":{"loc":{"start":{"line":28,"column":15},"end":{"line":29,"column":76}},"type":"if","locations":[{"start":{"line":28,"column":15},"end":{"line":29,"column":76}},{"start":{},"end":{}}],"line":28},"4":{"loc":{"start":{"line":88,"column":11},"end":{"line":88,"column":76}},"type":"binary-expr","locations":[{"start":{"line":88,"column":11},"end":{"line":88,"column":25}},{"start":{"line":88,"column":29},"end":{"line":88,"column":76}}],"line":88}},"s":{"0":2,"1":12,"2":12,"3":12,"4":12,"5":12,"6":12,"7":2,"8":0,"9":12,"10":4,"11":12,"12":2,"13":2,"14":2,"15":1,"16":1,"17":1,"18":2,"19":2},"f":{"0":12,"1":2,"2":4,"3":2,"4":2,"5":2},"b":{"0":[0,2],"1":[2,0],"2":[1,1],"3":[1,0],"4":[12,8]},"_coverageSchema":"1a1c01bbd47fc00a2c39e90264f33305004495a9","hash":"0ce0c7165c4740d4e2bb89361c8a5d4da728bed2"}
,"D:\\MyRepository\\Elecard\\task-1-frontend\\src\\components\\TaskBar\\TaskBar.jsx": {"path":"D:\\MyRepository\\Elecard\\task-1-frontend\\src\\components\\TaskBar\\TaskBar.jsx","statementMap":{"0":{"start":{"line":9,"column":16},"end":{"line":163,"column":1}},"1":{"start":{"line":19,"column":6},"end":{"line":19,"column":11}},"2":{"start":{"line":20,"column":28},"end":{"line":26,"column":3}},"3":{"start":{"line":21,"column":4},"end":{"line":25,"column":8}},"4":{"start":{"line":22,"column":6},"end":{"line":25,"column":8}},"5":{"start":{"line":23,"column":14},"end":{"line":23,"column":70}},"6":{"start":{"line":23,"column":33},"end":{"line":23,"column":68}},"7":{"start":{"line":27,"column":22},"end":{"line":29,"column":3}},"8":{"start":{"line":30,"column":37},"end":{"line":30,"column":77}},"9":{"start":{"line":31,"column":21},"end":{"line":31,"column":50}},"10":{"start":{"line":32,"column":2},"end":{"line":46,"column":6}},"11":{"start":{"line":33,"column":4},"end":{"line":46,"column":6}},"12":{"start":{"line":47,"column":2},"end":{"line":162,"column":6}},"13":{"start":{"line":48,"column":4},"end":{"line":162,"column":6}},"14":{"start":{"line":60,"column":16},"end":{"line":60,"column":48}},"15":{"start":{"line":87,"column":16},"end":{"line":87,"column":50}},"16":{"start":{"line":94,"column":16},"end":{"line":96,"column":25}},"17":{"start":{"line":110,"column":16},"end":{"line":110,"column":49}},"18":{"start":{"line":145,"column":14},"end":{"line":145,"column":58}},"19":{"start":{"line":155,"column":14},"end":{"line":155,"column":28}}},"fnMap":{"0":{"name":"(anonymous_0)","decl":{"start":{"line":9,"column":16},"end":{"line":9,"column":17}},"loc":{"start":{"line":9,"column":27},"end":{"line":163,"column":1}},"line":9},"1":{"name":"(anonymous_1)","decl":{"start":{"line":20,"column":28},"end":{"line":20,"column":29}},"loc":{"start":{"line":20,"column":34},"end":{"line":26,"column":3}},"line":20},"2":{"name":"(anonymous_2)","decl":{"start":{"line":23,"column":8},"end":{"line":23,"column":9}},"loc":{"start":{"line":23,"column":14},"end":{"line":23,"column":70}},"line":23},"3":{"name":"(anonymous_3)","decl":{"start":{"line":23,"column":22},"end":{"line":23,"column":23}},"loc":{"start":{"line":23,"column":33},"end":{"line":23,"column":68}},"line":23},"4":{"name":"(anonymous_4)","decl":{"start":{"line":59,"column":24},"end":{"line":59,"column":25}},"loc":{"start":{"line":59,"column":35},"end":{"line":61,"column":15}},"line":59},"5":{"name":"(anonymous_5)","decl":{"start":{"line":86,"column":24},"end":{"line":86,"column":25}},"loc":{"start":{"line":86,"column":35},"end":{"line":88,"column":15}},"line":86},"6":{"name":"(anonymous_6)","decl":{"start":{"line":93,"column":30},"end":{"line":93,"column":31}},"loc":{"start":{"line":94,"column":16},"end":{"line":96,"column":25}},"line":94},"7":{"name":"(anonymous_7)","decl":{"start":{"line":109,"column":24},"end":{"line":109,"column":25}},"loc":{"start":{"line":109,"column":35},"end":{"line":111,"column":15}},"line":109},"8":{"name":"(anonymous_8)","decl":{"start":{"line":144,"column":22},"end":{"line":144,"column":23}},"loc":{"start":{"line":144,"column":29},"end":{"line":146,"column":13}},"line":144},"9":{"name":"(anonymous_9)","decl":{"start":{"line":154,"column":21},"end":{"line":154,"column":22}},"loc":{"start":{"line":154,"column":27},"end":{"line":156,"column":13}},"line":154}},"branchMap":{"0":{"loc":{"start":{"line":21,"column":4},"end":{"line":25,"column":8}},"type":"if","locations":[{"start":{"line":21,"column":4},"end":{"line":25,"column":8}},{"start":{},"end":{}}],"line":21},"1":{"loc":{"start":{"line":23,"column":33},"end":{"line":23,"column":68}},"type":"cond-expr","locations":[{"start":{"line":23,"column":52},"end":{"line":23,"column":58}},{"start":{"line":23,"column":61},"end":{"line":23,"column":68}}],"line":23},"2":{"loc":{"start":{"line":28,"column":4},"end":{"line":28,"column":74}},"type":"binary-expr","locations":[{"start":{"line":28,"column":5},"end":{"line":28,"column":27}},{"start":{"line":28,"column":31},"end":{"line":28,"column":55}},{"start":{"line":28,"column":60},"end":{"line":28,"column":74}}],"line":28},"3":{"loc":{"start":{"line":32,"column":2},"end":{"line":46,"column":6}},"type":"if","locations":[{"start":{"line":32,"column":2},"end":{"line":46,"column":6}},{"start":{},"end":{}}],"line":32},"4":{"loc":{"start":{"line":47,"column":2},"end":{"line":162,"column":6}},"type":"if","locations":[{"start":{"line":47,"column":2},"end":{"line":162,"column":6}},{"start":{},"end":{}}],"line":47}},"s":{"0":1,"1":11,"2":11,"3":1,"4":1,"5":1,"6":0,"7":11,"8":11,"9":11,"10":11,"11":1,"12":10,"13":8,"14":1,"15":1,"16":24,"17":1,"18":1,"19":1},"f":{"0":11,"1":1,"2":1,"3":0,"4":1,"5":1,"6":24,"7":1,"8":1,"9":1},"b":{"0":[1,0],"1":[0,0],"2":[11,1,10],"3":[1,10],"4":[8,2]},"_coverageSchema":"1a1c01bbd47fc00a2c39e90264f33305004495a9","hash":"ee0aed07bfcd34b41fe75ca1a98466fb570451ca"}
,"D:\\MyRepository\\Elecard\\task-1-frontend\\src\\components\\TreeView\\TreeView.jsx": {"path":"D:\\MyRepository\\Elecard\\task-1-frontend\\src\\components\\TreeView\\TreeView.jsx","statementMap":{"0":{"start":{"line":13,"column":17},"end":{"line":57,"column":1}},"1":{"start":{"line":14,"column":42},"end":{"line":14,"column":56}},"2":{"start":{"line":15,"column":19},"end":{"line":15,"column":32}},"3":{"start":{"line":16,"column":23},"end":{"line":16,"column":56}},"4":{"start":{"line":17,"column":15},"end":{"line":17,"column":43}},"5":{"start":{"line":18,"column":18},"end":{"line":18,"column":26}},"6":{"start":{"line":19,"column":34},"end":{"line":19,"column":71}},"7":{"start":{"line":20,"column":2},"end":{"line":22,"column":23}},"8":{"start":{"line":21,"column":4},"end":{"line":21,"column":40}},"9":{"start":{"line":24,"column":20},"end":{"line":27,"column":4}},"10":{"start":{"line":29,"column":2},"end":{"line":56,"column":4}},"11":{"start":{"line":38,"column":25},"end":{"line":38,"column":57}},"12":{"start":{"line":38,"column":51},"end":{"line":38,"column":56}},"13":{"start":{"line":50,"column":14},"end":{"line":50,"column":74}}},"fnMap":{"0":{"name":"(anonymous_0)","decl":{"start":{"line":13,"column":17},"end":{"line":13,"column":18}},"loc":{"start":{"line":13,"column":34},"end":{"line":57,"column":1}},"line":13},"1":{"name":"(anonymous_1)","decl":{"start":{"line":20,"column":12},"end":{"line":20,"column":13}},"loc":{"start":{"line":20,"column":18},"end":{"line":22,"column":3}},"line":20},"2":{"name":"(anonymous_2)","decl":{"start":{"line":38,"column":19},"end":{"line":38,"column":20}},"loc":{"start":{"line":38,"column":25},"end":{"line":38,"column":57}},"line":38},"3":{"name":"(anonymous_3)","decl":{"start":{"line":38,"column":41},"end":{"line":38,"column":42}},"loc":{"start":{"line":38,"column":51},"end":{"line":38,"column":56}},"line":38},"4":{"name":"(anonymous_4)","decl":{"start":{"line":49,"column":29},"end":{"line":49,"column":30}},"loc":{"start":{"line":50,"column":14},"end":{"line":50,"column":74}},"line":50}},"branchMap":{"0":{"loc":{"start":{"line":26,"column":4},"end":{"line":26,"column":49}},"type":"binary-expr","locations":[{"start":{"line":26,"column":4},"end":{"line":26,"column":16}},{"start":{"line":26,"column":20},"end":{"line":26,"column":49}}],"line":26},"1":{"loc":{"start":{"line":40,"column":11},"end":{"line":40,"column":41}},"type":"binary-expr","locations":[{"start":{"line":40,"column":11},"end":{"line":40,"column":24}},{"start":{"line":40,"column":28},"end":{"line":40,"column":41}}],"line":40},"2":{"loc":{"start":{"line":41,"column":11},"end":{"line":41,"column":38}},"type":"binary-expr","locations":[{"start":{"line":41,"column":11},"end":{"line":41,"column":23}},{"start":{"line":41,"column":27},"end":{"line":41,"column":38}}],"line":41},"3":{"loc":{"start":{"line":47,"column":9},"end":{"line":52,"column":21}},"type":"cond-expr","locations":[{"start":{"line":48,"column":12},"end":{"line":51,"column":14}},{"start":{"line":52,"column":12},"end":{"line":52,"column":21}}],"line":47},"4":{"loc":{"start":{"line":48,"column":12},"end":{"line":51,"column":14}},"type":"binary-expr","locations":[{"start":{"line":48,"column":12},"end":{"line":48,"column":24}},{"start":{"line":49,"column":12},"end":{"line":51,"column":14}}],"line":48}},"s":{"0":1,"1":5,"2":5,"3":5,"4":5,"5":5,"6":5,"7":5,"8":5,"9":5,"10":5,"11":1,"12":1,"13":9},"f":{"0":5,"1":5,"2":1,"3":1,"4":9},"b":{"0":[5,4],"1":[5,1],"2":[5,4],"3":[4,1],"4":[4,3]},"_coverageSchema":"1a1c01bbd47fc00a2c39e90264f33305004495a9","hash":"51718e3728cf67ec542b4ecd91c06859e6a9043c"}
,"D:\\MyRepository\\Elecard\\task-1-frontend\\src\\components\\TreeView\\Branch\\Branch.jsx": {"path":"D:\\MyRepository\\Elecard\\task-1-frontend\\src\\components\\TreeView\\Branch\\Branch.jsx","statementMap":{"0":{"start":{"line":10,"column":15},"end":{"line":49,"column":1}},"1":{"start":{"line":11,"column":40},"end":{"line":11,"column":55}},"2":{"start":{"line":12,"column":22},"end":{"line":12,"column":63}},"3":{"start":{"line":13,"column":17},"end":{"line":13,"column":41}},"4":{"start":{"line":14,"column":20},"end":{"line":14,"column":28}},"5":{"start":{"line":15,"column":2},"end":{"line":48,"column":4}},"6":{"start":{"line":20,"column":23},"end":{"line":20,"column":54}},"7":{"start":{"line":20,"column":48},"end":{"line":20,"column":53}},"8":{"start":{"line":42,"column":12},"end":{"line":42,"column":44}}},"fnMap":{"0":{"name":"(anonymous_0)","decl":{"start":{"line":10,"column":15},"end":{"line":10,"column":16}},"loc":{"start":{"line":10,"column":42},"end":{"line":49,"column":1}},"line":10},"1":{"name":"(anonymous_1)","decl":{"start":{"line":20,"column":17},"end":{"line":20,"column":18}},"loc":{"start":{"line":20,"column":23},"end":{"line":20,"column":54}},"line":20},"2":{"name":"(anonymous_2)","decl":{"start":{"line":20,"column":38},"end":{"line":20,"column":39}},"loc":{"start":{"line":20,"column":48},"end":{"line":20,"column":53}},"line":20},"3":{"name":"(anonymous_3)","decl":{"start":{"line":41,"column":22},"end":{"line":41,"column":23}},"loc":{"start":{"line":42,"column":12},"end":{"line":42,"column":44}},"line":42}},"branchMap":{"0":{"loc":{"start":{"line":23,"column":11},"end":{"line":27,"column":11}},"type":"binary-expr","locations":[{"start":{"line":23,"column":11},"end":{"line":23,"column":23}},{"start":{"line":24,"column":12},"end":{"line":26,"column":18}}],"line":23},"1":{"loc":{"start":{"line":28,"column":11},"end":{"line":32,"column":11}},"type":"binary-expr","locations":[{"start":{"line":28,"column":11},"end":{"line":28,"column":22}},{"start":{"line":29,"column":12},"end":{"line":31,"column":18}}],"line":28},"2":{"loc":{"start":{"line":35,"column":15},"end":{"line":35,"column":57}},"type":"cond-expr","locations":[{"start":{"line":35,"column":28},"end":{"line":35,"column":38}},{"start":{"line":35,"column":41},"end":{"line":35,"column":57}}],"line":35},"3":{"loc":{"start":{"line":39,"column":7},"end":{"line":45,"column":7}},"type":"binary-expr","locations":[{"start":{"line":39,"column":7},"end":{"line":39,"column":18}},{"start":{"line":40,"column":8},"end":{"line":44,"column":14}}],"line":39}},"s":{"0":1,"1":6,"2":6,"3":6,"4":6,"5":6,"6":2,"7":2,"8":5},"f":{"0":6,"1":2,"2":2,"3":5},"b":{"0":[6,4],"1":[6,2],"2":[5,1],"3":[6,2]},"_coverageSchema":"1a1c01bbd47fc00a2c39e90264f33305004495a9","hash":"125afaecd002d0aab14b0f781b3b5546b4441210"}
,"D:\\MyRepository\\Elecard\\task-1-frontend\\src\\components\\TreeView\\Branch\\Leaf\\Leaf.jsx": {"path":"D:\\MyRepository\\Elecard\\task-1-frontend\\src\\components\\TreeView\\Branch\\Leaf\\Leaf.jsx","statementMap":{"0":{"start":{"line":7,"column":13},"end":{"line":47,"column":1}},"1":{"start":{"line":8,"column":42},"end":{"line":8,"column":57}},"2":{"start":{"line":9,"column":15},"end":{"line":9,"column":60}},"3":{"start":{"line":10,"column":15},"end":{"line":10,"column":44}},"4":{"start":{"line":11,"column":34},"end":{"line":11,"column":76}},"5":{"start":{"line":12,"column":2},"end":{"line":46,"column":4}},"6":{"start":{"line":18,"column":10},"end":{"line":18,"column":32}}},"fnMap":{"0":{"name":"(anonymous_0)","decl":{"start":{"line":7,"column":13},"end":{"line":7,"column":14}},"loc":{"start":{"line":7,"column":27},"end":{"line":47,"column":1}},"line":7},"1":{"name":"(anonymous_1)","decl":{"start":{"line":17,"column":17},"end":{"line":17,"column":18}},"loc":{"start":{"line":17,"column":23},"end":{"line":19,"column":9}},"line":17}},"branchMap":{"0":{"loc":{"start":{"line":28,"column":12},"end":{"line":28,"column":45}},"type":"cond-expr","locations":[{"start":{"line":28,"column":24},"end":{"line":28,"column":33}},{"start":{"line":28,"column":36},"end":{"line":28,"column":45}}],"line":28},"1":{"loc":{"start":{"line":36,"column":43},"end":{"line":36,"column":77}},"type":"cond-expr","locations":[{"start":{"line":36,"column":50},"end":{"line":36,"column":72}},{"start":{"line":36,"column":75},"end":{"line":36,"column":77}}],"line":36},"2":{"loc":{"start":{"line":43,"column":9},"end":{"line":43,"column":78}},"type":"binary-expr","locations":[{"start":{"line":43,"column":9},"end":{"line":43,"column":21}},{"start":{"line":43,"column":25},"end":{"line":43,"column":78}}],"line":43}},"s":{"0":1,"1":4,"2":4,"3":4,"4":4,"5":4,"6":1},"f":{"0":4,"1":1},"b":{"0":[3,1],"1":[3,1],"2":[4,1]},"_coverageSchema":"1a1c01bbd47fc00a2c39e90264f33305004495a9","hash":"c41002867c542962412d13484c0dd22fce885fe9"}
,"D:\\MyRepository\\Elecard\\task-1-frontend\\src\\icons\\ArrowDown.svg": {"path":"D:\\MyRepository\\Elecard\\task-1-frontend\\src\\icons\\ArrowDown.svg","statementMap":{"0":{"start":{"line":2,"column":14},"end":{"line":2,"column":30}},"1":{"start":{"line":4,"column":2},"end":{"line":7,"column":4}},"2":{"start":{"line":9,"column":0},"end":{"line":9,"column":30}}},"fnMap":{"0":{"name":"SvgArrowDown","decl":{"start":{"line":3,"column":9},"end":{"line":3,"column":21}},"loc":{"start":{"line":3,"column":29},"end":{"line":8,"column":1}},"line":3}},"branchMap":{},"s":{"0":2,"1":5,"2":2},"f":{"0":5},"b":{},"_coverageSchema":"1a1c01bbd47fc00a2c39e90264f33305004495a9","hash":"d15b948f60f0e1f12e9791f18433b34e94712c55"}
,"D:\\MyRepository\\Elecard\\task-1-frontend\\src\\icons\\ArrowUp.svg": {"path":"D:\\MyRepository\\Elecard\\task-1-frontend\\src\\icons\\ArrowUp.svg","statementMap":{"0":{"start":{"line":2,"column":14},"end":{"line":2,"column":30}},"1":{"start":{"line":4,"column":2},"end":{"line":7,"column":4}},"2":{"start":{"line":9,"column":0},"end":{"line":9,"column":28}}},"fnMap":{"0":{"name":"SvgArrowUp","decl":{"start":{"line":3,"column":9},"end":{"line":3,"column":19}},"loc":{"start":{"line":3,"column":27},"end":{"line":8,"column":1}},"line":3}},"branchMap":{},"s":{"0":2,"1":6,"2":2},"f":{"0":6},"b":{},"_coverageSchema":"1a1c01bbd47fc00a2c39e90264f33305004495a9","hash":"2109287be97b8d5fb2eb287ad56a125c44d8feb8"}
,"D:\\MyRepository\\Elecard\\task-1-frontend\\src\\icons\\CloseIcon.svg": {"path":"D:\\MyRepository\\Elecard\\task-1-frontend\\src\\icons\\CloseIcon.svg","statementMap":{"0":{"start":{"line":2,"column":14},"end":{"line":2,"column":30}},"1":{"start":{"line":4,"column":2},"end":{"line":7,"column":4}},"2":{"start":{"line":9,"column":0},"end":{"line":9,"column":30}}},"fnMap":{"0":{"name":"SvgCloseIcon","decl":{"start":{"line":3,"column":9},"end":{"line":3,"column":21}},"loc":{"start":{"line":3,"column":29},"end":{"line":8,"column":1}},"line":3}},"branchMap":{},"s":{"0":2,"1":16,"2":2},"f":{"0":16},"b":{},"_coverageSchema":"1a1c01bbd47fc00a2c39e90264f33305004495a9","hash":"b244f1c69efb2e4dc2fbdd636fdb50fe0047f5cd"}
,"D:\\MyRepository\\Elecard\\task-1-frontend\\src\\icons\\DownloadIcon.svg": {"path":"D:\\MyRepository\\Elecard\\task-1-frontend\\src\\icons\\DownloadIcon.svg","statementMap":{"0":{"start":{"line":2,"column":14},"end":{"line":2,"column":30}},"1":{"start":{"line":4,"column":2},"end":{"line":7,"column":4}},"2":{"start":{"line":9,"column":0},"end":{"line":9,"column":33}}},"fnMap":{"0":{"name":"SvgDownloadIcon","decl":{"start":{"line":3,"column":9},"end":{"line":3,"column":24}},"loc":{"start":{"line":3,"column":32},"end":{"line":8,"column":1}},"line":3}},"branchMap":{},"s":{"0":3,"1":18,"2":3},"f":{"0":18},"b":{},"_coverageSchema":"1a1c01bbd47fc00a2c39e90264f33305004495a9","hash":"d3e5c501685f6e2886b743dfab0566d37010b328"}
,"D:\\MyRepository\\Elecard\\task-1-frontend\\src\\icons\\Moon.svg": {"path":"D:\\MyRepository\\Elecard\\task-1-frontend\\src\\icons\\Moon.svg","statementMap":{"0":{"start":{"line":2,"column":14},"end":{"line":2,"column":30}},"1":{"start":{"line":4,"column":2},"end":{"line":7,"column":4}},"2":{"start":{"line":9,"column":0},"end":{"line":9,"column":25}}},"fnMap":{"0":{"name":"SvgMoon","decl":{"start":{"line":3,"column":9},"end":{"line":3,"column":16}},"loc":{"start":{"line":3,"column":24},"end":{"line":8,"column":1}},"line":3}},"branchMap":{},"s":{"0":1,"1":2,"2":1},"f":{"0":2},"b":{},"_coverageSchema":"1a1c01bbd47fc00a2c39e90264f33305004495a9","hash":"fff99e5c60669c9572b20cc88610a608b0e5c877"}
,"D:\\MyRepository\\Elecard\\task-1-frontend\\src\\icons\\SignOut.svg": {"path":"D:\\MyRepository\\Elecard\\task-1-frontend\\src\\icons\\SignOut.svg","statementMap":{"0":{"start":{"line":2,"column":14},"end":{"line":2,"column":30}},"1":{"start":{"line":4,"column":2},"end":{"line":7,"column":4}},"2":{"start":{"line":9,"column":0},"end":{"line":9,"column":28}}},"fnMap":{"0":{"name":"SvgSignOut","decl":{"start":{"line":3,"column":9},"end":{"line":3,"column":19}},"loc":{"start":{"line":3,"column":27},"end":{"line":8,"column":1}},"line":3}},"branchMap":{},"s":{"0":1,"1":1,"2":1},"f":{"0":1},"b":{},"_coverageSchema":"1a1c01bbd47fc00a2c39e90264f33305004495a9","hash":"da5cf24664d9aa4d9f1883a5cdbf544c876cd06b"}
,"D:\\MyRepository\\Elecard\\task-1-frontend\\src\\icons\\Sun.svg": {"path":"D:\\MyRepository\\Elecard\\task-1-frontend\\src\\icons\\Sun.svg","statementMap":{"0":{"start":{"line":2,"column":14},"end":{"line":2,"column":30}},"1":{"start":{"line":4,"column":2},"end":{"line":7,"column":4}},"2":{"start":{"line":9,"column":0},"end":{"line":9,"column":24}}},"fnMap":{"0":{"name":"SvgSun","decl":{"start":{"line":3,"column":9},"end":{"line":3,"column":15}},"loc":{"start":{"line":3,"column":23},"end":{"line":8,"column":1}},"line":3}},"branchMap":{},"s":{"0":1,"1":9,"2":1},"f":{"0":9},"b":{},"_coverageSchema":"1a1c01bbd47fc00a2c39e90264f33305004495a9","hash":"57adbe3d556eca002dbeec3592f22a7f3f03dcf5"}
,"D:\\MyRepository\\Elecard\\task-1-frontend\\src\\icons\\User.svg": {"path":"D:\\MyRepository\\Elecard\\task-1-frontend\\src\\icons\\User.svg","statementMap":{"0":{"start":{"line":2,"column":14},"end":{"line":2,"column":30}},"1":{"start":{"line":4,"column":2},"end":{"line":7,"column":4}},"2":{"start":{"line":9,"column":0},"end":{"line":9,"column":25}}},"fnMap":{"0":{"name":"SvgUser","decl":{"start":{"line":3,"column":9},"end":{"line":3,"column":16}},"loc":{"start":{"line":3,"column":24},"end":{"line":8,"column":1}},"line":3}},"branchMap":{},"s":{"0":1,"1":16,"2":1},"f":{"0":16},"b":{},"_coverageSchema":"1a1c01bbd47fc00a2c39e90264f33305004495a9","hash":"81549eac636e176725cb1b5f1cef7e0424c64ecb"}
,"D:\\MyRepository\\Elecard\\task-1-frontend\\src\\utils\\textContext.js": {"path":"D:\\MyRepository\\Elecard\\task-1-frontend\\src\\utils\\textContext.js","statementMap":{"0":{"start":{"line":3,"column":31},"end":{"line":3,"column":46}},"1":{"start":{"line":5,"column":28},"end":{"line":206,"column":1}}},"fnMap":{},"branchMap":{},"s":{"0":16,"1":16},"f":{},"b":{},"_coverageSchema":"1a1c01bbd47fc00a2c39e90264f33305004495a9","hash":"e0856ff064e797824790cadcc0f3305ab192368b"}
}
