TN:
SF:src\components\Alert\Alert.jsx
FN:3,(anonymous_0)
FNF:1
FNH:1
FNDA:8,(anonymous_0)
DA:3,2
DA:4,8
DA:5,8
DA:6,8
DA:7,8
DA:8,8
DA:9,8
DA:20,8
DA:25,8
DA:29,8
LF:10
LH:10
BRDA:9,0,0,3
BRDA:9,0,1,5
BRDA:11,1,0,1
BRDA:11,1,1,4
BRDA:13,2,0,1
BRDA:13,2,1,3
BRDA:15,3,0,1
BRDA:15,3,1,2
BRDA:17,4,0,1
BRDA:17,4,1,1
BRDA:22,5,0,8
BRDA:22,5,1,3
BRDA:23,6,0,8
BRDA:23,6,1,7
BRDA:23,6,2,2
BRDA:27,7,0,8
BRDA:27,7,1,7
BRDA:27,7,2,2
BRF:18
BRH:18
end_of_record
TN:
SF:src\components\ButtonDownload\ButtonDownload.jsx
FN:5,(anonymous_0)
FN:9,(anonymous_1)
FN:12,(anonymous_2)
FN:14,(anonymous_3)
FNF:4
FNH:3
FNDA:14,(anonymous_0)
FNDA:3,(anonymous_1)
FNDA:0,(anonymous_2)
FNDA:3,(anonymous_3)
DA:5,2
DA:6,14
DA:7,14
DA:9,14
DA:10,3
DA:11,3
DA:12,3
DA:14,14
DA:15,3
DA:16,1
DA:17,1
DA:19,2
DA:20,2
DA:21,2
DA:22,2
DA:23,2
DA:26,14
LF:17
LH:17
BRDA:15,0,0,1
BRDA:15,0,1,2
BRDA:22,1,0,1
BRDA:22,1,1,1
BRDA:29,2,0,14
BRDA:29,2,1,3
BRF:6
BRH:6
end_of_record
TN:
SF:src\components\CardView\Card\Card.jsx
FN:10,(anonymous_0)
FN:25,(anonymous_1)
FN:28,(anonymous_2)
FN:49,(anonymous_3)
FN:49,(anonymous_4)
FN:74,(anonymous_5)
FNF:6
FNH:6
FNDA:7,(anonymous_0)
FNDA:1,(anonymous_1)
FNDA:1,(anonymous_2)
FNDA:1,(anonymous_3)
FNDA:1,(anonymous_4)
FNDA:1,(anonymous_5)
DA:10,1
DA:11,7
DA:12,7
DA:13,7
DA:14,7
DA:23,7
DA:25,7
DA:26,1
DA:27,1
DA:28,1
DA:29,1
DA:34,7
DA:35,7
DA:36,7
DA:37,7
DA:38,7
DA:43,7
DA:49,1
DA:74,1
LF:19
LH:19
BRDA:14,0,0,6
BRDA:14,0,1,1
BRDA:36,1,0,7
BRDA:36,1,1,1
BRDA:82,2,0,7
BRDA:82,2,1,1
BRF:6
BRH:6
end_of_record
TN:
SF:src\components\Modal\Modal.jsx
FN:5,(anonymous_0)
FN:6,(anonymous_1)
FN:7,(anonymous_2)
FN:14,(anonymous_3)
FN:19,(anonymous_4)
FNF:5
FNH:5
FNDA:9,(anonymous_0)
FNDA:9,(anonymous_1)
FNDA:3,(anonymous_2)
FNDA:9,(anonymous_3)
FNDA:3,(anonymous_4)
DA:5,1
DA:6,9
DA:7,9
DA:8,3
DA:9,2
DA:12,9
DA:13,9
DA:14,9
DA:15,9
DA:16,9
DA:19,9
DA:20,3
DA:21,3
DA:23,9
LF:14
LH:14
BRDA:8,0,0,2
BRDA:8,0,1,1
BRDA:9,1,0,1
BRDA:9,1,1,1
BRDA:20,2,0,1
BRDA:20,2,1,2
BRDA:30,3,0,7
BRDA:30,3,1,2
BRF:8
BRH:8
end_of_record
TN:
SF:src\icons\CloseIcon.svg
FN:3,SvgCloseIcon
FNF:1
FNH:1
FNDA:16,SvgCloseIcon
DA:2,2
DA:4,16
DA:9,2
LF:3
LH:3
BRF:0
BRH:0
end_of_record
TN:
SF:src\icons\DownloadIcon.svg
FN:3,SvgDownloadIcon
FNF:1
FNH:1
FNDA:14,SvgDownloadIcon
DA:2,2
DA:4,14
DA:9,2
LF:3
LH:3
BRF:0
BRH:0
end_of_record
