TN:
SF:src\components\Alert\Alert.jsx
FN:3,(anonymous_0)
FNF:1
FNH:1
FNDA:4,(anonymous_0)
DA:3,1
DA:4,4
DA:5,4
DA:6,4
DA:7,4
DA:14,4
DA:20,4
LF:7
LH:7
BRDA:7,0,0,2
BRDA:7,0,1,2
BRDA:9,1,0,1
BRDA:9,1,1,1
BRDA:11,2,0,1
BRDA:11,2,1,0
BRDA:16,3,0,4
BRDA:16,3,1,2
BRDA:17,4,0,4
BRDA:17,4,1,1
BRDA:18,5,0,4
BRDA:18,5,1,1
BRF:12
BRH:11
end_of_record
TN:
SF:src\components\Modal\Modal.jsx
FN:5,(anonymous_0)
FN:6,(anonymous_1)
FN:9,(anonymous_2)
FN:20,(anonymous_3)
FNF:4
FNH:4
FNDA:2,(anonymous_0)
FNDA:2,(anonymous_1)
FNDA:2,(anonymous_2)
FNDA:1,(anonymous_3)
DA:5,1
DA:6,2
DA:7,2
DA:9,2
DA:10,2
DA:13,2
DA:21,1
DA:22,1
LF:8
LH:8
BRF:0
BRH:0
end_of_record
TN:
SF:src\components\SvgIcon\CloseIcon\CloseIcon.jsx
FN:3,(anonymous_0)
FNF:1
FNH:1
FNDA:2,(anonymous_0)
DA:3,1
DA:4,2
DA:5,2
DA:7,2
LF:4
LH:4
BRF:0
BRH:0
end_of_record
